2026-06-09 23:15:08  INFO      Log file: C:\Users\admin\Documents\Robotics\Code\CourseraRobotics\2026-06-04_Capstone_Project\capstone_2026-06-09_23-15-08.log
2026-06-09 23:15:08  INFO      ============================================================
2026-06-09 23:15:08  INFO      Capstone Full Program – youBot Mobile Manipulation
2026-06-09 23:15:08  INFO      ============================================================
2026-06-09 23:15:08  INFO      build_trajectory: T_se_initial from FK:
[[ 0.17    0.      0.9854  0.3868]
 [ 0.      1.      0.      0.    ]
 [-0.9854  0.      0.17    0.5702]
 [ 0.      0.      0.      1.    ]]
2026-06-09 23:15:08  INFO      
2026-06-09 23:15:08  INFO      --- Test A: feedforward only, perfect start ---
2026-06-09 23:15:08  INFO      Using pre-built trajectory (702 rows).
2026-06-09 23:15:08  INFO      Initial Xerr (actual vs reference): [ 0.0000e+00  0.0000e+00  0.0000e+00 -5.5511e-17  0.0000e+00  5.5511e-17]  |Xerr|=0.0000
2026-06-09 23:15:08  INFO      Reference trajectory: 702 configurations  (7.01 s total)
2026-06-09 23:15:08  INFO      Starting control loop: 701 iterations …
2026-06-09 23:15:08  INFO        step    70 / 701   |Xerr|=0.0110
2026-06-09 23:15:08  INFO        step   140 / 701   |Xerr|=0.0169
2026-06-09 23:15:09  INFO        step   210 / 701   |Xerr|=0.1721
2026-06-09 23:15:09  INFO        step   280 / 701   |Xerr|=0.3790
2026-06-09 23:15:09  INFO        step   350 / 701   |Xerr|=0.1897
2026-06-09 23:15:09  INFO        step   420 / 701   |Xerr|=1.1662
2026-06-09 23:15:10  INFO        step   490 / 701   |Xerr|=4.0234
2026-06-09 23:15:10  INFO        step   560 / 701   |Xerr|=11.2460
2026-06-09 23:15:10  INFO        step   630 / 701   |Xerr|=5.4054
2026-06-09 23:15:10  INFO        step   700 / 701   |Xerr|=5.4066
2026-06-09 23:15:10  INFO      Control loop complete.  Final |Xerr| = 5.4066
2026-06-09 23:15:10  INFO      Robot config CSV → capstone_testA_trajectory.csv  (702 rows)
2026-06-09 23:15:10  INFO      Xerr CSV         → capstone_testA_Xerr.csv  (701 rows)
2026-06-09 23:15:10  INFO      
2026-06-09 23:15:10  INFO      --- Test B: feedforward only, perturbed start ---
2026-06-09 23:15:10  INFO      Using pre-built trajectory (702 rows).
2026-06-09 23:15:10  INFO      Initial Xerr (actual vs reference): [ 0.0985  0.     -0.017  -0.0178 -0.1336 -0.1034]  |Xerr|=0.1971
2026-06-09 23:15:10  INFO      Reference trajectory: 702 configurations  (7.01 s total)
2026-06-09 23:15:10  INFO      Starting control loop: 701 iterations …
2026-06-09 23:15:10  INFO        step    70 / 701   |Xerr|=0.1969
2026-06-09 23:15:11  INFO        step   140 / 701   |Xerr|=0.1752
2026-06-09 23:15:11  INFO        step   210 / 701   |Xerr|=0.2108
2026-06-09 23:15:11  INFO        step   280 / 701   |Xerr|=0.5410
2026-06-09 23:15:11  INFO        step   350 / 701   |Xerr|=0.2029
2026-06-09 23:15:11  INFO        step   420 / 701   |Xerr|=1.1964
2026-06-09 23:15:12  INFO        step   490 / 701   |Xerr|=4.3510
2026-06-09 23:15:12  INFO        step   560 / 701   |Xerr|=170.2023
