2026-06-09 22:19:00  INFO      Log file: C:\Users\admin\Documents\Robotics\Code\CourseraRobotics\2026-06-04_Capstone_Project\capstone_2026-06-09_22-19-00.log
2026-06-09 22:19:00  INFO      ============================================================
2026-06-09 22:19:00  INFO      Capstone Full Program – youBot Mobile Manipulation
2026-06-09 22:19:00  INFO      ============================================================
2026-06-09 22:19:00  INFO      build_trajectory: T_se_initial from FK:
[[ 0.17    0.      0.9854  0.3868]
 [ 0.      1.      0.      0.    ]
 [-0.9854  0.      0.17    0.5702]
 [ 0.      0.      0.      1.    ]]
2026-06-09 22:19:00  INFO      
2026-06-09 22:19:00  INFO      --- Test A: feedforward only, perfect start ---
2026-06-09 22:19:00  INFO      Using pre-built trajectory (674 rows).
2026-06-09 22:19:00  INFO      Initial Xerr (actual vs reference): [ 0.0000e+00  0.0000e+00  0.0000e+00 -5.5511e-17  0.0000e+00  5.5511e-17]  |Xerr|=0.0000
2026-06-09 22:19:00  INFO      Reference trajectory: 674 configurations  (6.73 s total)
2026-06-09 22:19:00  INFO      Starting control loop: 673 iterations …
2026-06-09 22:19:00  INFO        step    67 / 673   |Xerr|=0.0244
2026-06-09 22:19:00  INFO        step   134 / 673   |Xerr|=0.2218
2026-06-09 22:19:00  INFO        step   201 / 673   |Xerr|=0.3720
2026-06-09 22:19:01  INFO        step   268 / 673   |Xerr|=0.2112
2026-06-09 22:19:01  INFO        step   335 / 673   |Xerr|=0.2112
2026-06-09 22:19:01  INFO        step   402 / 673   |Xerr|=0.2111
2026-06-09 22:19:01  INFO        step   469 / 673   |Xerr|=0.2110
2026-06-09 22:19:02  INFO        step   536 / 673   |Xerr|=0.2110
2026-06-09 22:19:02  INFO        step   603 / 673   |Xerr|=0.3301
2026-06-09 22:19:02  INFO        step   670 / 673   |Xerr|=0.3287
2026-06-09 22:19:02  INFO      Control loop complete.  Final |Xerr| = 0.3286
2026-06-09 22:19:02  INFO      Robot config CSV → capstone_testA_trajectory.csv  (674 rows)
2026-06-09 22:19:02  INFO      Xerr CSV         → capstone_testA_Xerr.csv  (673 rows)
2026-06-09 22:19:02  INFO      
2026-06-09 22:19:02  INFO      --- Test B: feedforward only, perturbed start ---
2026-06-09 22:19:02  INFO      Using pre-built trajectory (674 rows).
2026-06-09 22:19:02  INFO      Initial Xerr (actual vs reference): [ 0.0985  0.     -0.017  -0.0178 -0.1336 -0.1034]  |Xerr|=0.1971
2026-06-09 22:19:02  INFO      Reference trajectory: 674 configurations  (6.73 s total)
2026-06-09 22:19:02  INFO      Starting control loop: 673 iterations …
2026-06-09 22:19:02  INFO        step    67 / 673   |Xerr|=0.2011
2026-06-09 22:19:02  INFO        step   134 / 673   |Xerr|=0.3301
2026-06-09 22:19:03  INFO        step   201 / 673   |Xerr|=0.4572
2026-06-09 22:19:03  INFO        step   268 / 673   |Xerr|=0.4065
2026-06-09 22:19:03  INFO        step   335 / 673   |Xerr|=0.4065
2026-06-09 22:19:03  INFO        step   402 / 673   |Xerr|=0.4066
2026-06-09 22:19:03  INFO        step   469 / 673   |Xerr|=0.4067
2026-06-09 22:19:04  INFO        step   536 / 673   |Xerr|=0.4068
2026-06-09 22:19:04  INFO        step   603 / 673   |Xerr|=0.4017
2026-06-09 22:19:04  INFO        step   670 / 673   |Xerr|=0.3985
2026-06-09 22:19:04  INFO      Control loop complete.  Final |Xerr| = 0.3984
2026-06-09 22:19:04  INFO      Robot config CSV → capstone_testB_trajectory.csv  (674 rows)
2026-06-09 22:19:04  INFO      Xerr CSV         → capstone_testB_Xerr.csv  (673 rows)
2026-06-09 22:19:04  INFO      
2026-06-09 22:19:04  INFO      --- Test C: PI feedback (Kp=2·I), perturbed start ---
2026-06-09 22:19:04  INFO      Using pre-built trajectory (674 rows).
2026-06-09 22:19:04  INFO      Initial Xerr (actual vs reference): [ 0.0985  0.     -0.017  -0.0178 -0.1336 -0.1034]  |Xerr|=0.1971
2026-06-09 22:19:04  INFO      Reference trajectory: 674 configurations  (6.73 s total)
2026-06-09 22:19:04  INFO      Starting control loop: 673 iterations …
2026-06-09 22:19:04  INFO        step    67 / 673   |Xerr|=0.2011
2026-06-09 22:19:04  INFO        step   134 / 673   |Xerr|=0.3301
2026-06-09 22:19:05  INFO        step   201 / 673   |Xerr|=0.4572
2026-06-09 22:19:05  INFO        step   268 / 673   |Xerr|=0.4065
2026-06-09 22:19:05  INFO        step   335 / 673   |Xerr|=0.4065
2026-06-09 22:19:05  INFO        step   402 / 673   |Xerr|=0.4066
2026-06-09 22:19:05  INFO        step   469 / 673   |Xerr|=0.4067
2026-06-09 22:19:06  INFO        step   536 / 673   |Xerr|=0.4068
2026-06-09 22:19:06  INFO        step   603 / 673   |Xerr|=0.4017
2026-06-09 22:19:06  INFO        step   670 / 673   |Xerr|=0.3985
2026-06-09 22:19:06  INFO      Control loop complete.  Final |Xerr| = 0.3984
2026-06-09 22:19:06  INFO      Robot config CSV → capstone_testC_trajectory.csv  (674 rows)
2026-06-09 22:19:06  INFO      Xerr CSV         → capstone_testC_Xerr.csv  (673 rows)
2026-06-09 22:19:06  INFO      
2026-06-09 22:19:06  INFO      All three tests complete.  Load the CSV files into
2026-06-09 22:19:06  INFO      CoppeliaSim Scene 6 and compare the animations.
