2026-06-09 23:29:54  INFO      Log file: C:\Users\admin\Documents\Robotics\Code\CourseraRobotics\2026-06-04_Capstone_Project\capstone_2026-06-09_23-29-54.log
2026-06-09 23:29:54  INFO      ============================================================
2026-06-09 23:29:54  INFO      Capstone Full Program – youBot Mobile Manipulation
2026-06-09 23:29:54  INFO      ============================================================
2026-06-09 23:29:54  INFO      build_trajectory: T_se_initial from FK:
[[ 0.17    0.      0.9854  0.3868]
 [ 0.      1.      0.      0.    ]
 [-0.9854  0.      0.17    0.5702]
 [ 0.      0.      0.      1.    ]]
2026-06-09 23:29:54  INFO      
2026-06-09 23:29:54  INFO      --- Test A: feedforward only, perfect start ---
2026-06-09 23:29:54  INFO      Using pre-built trajectory (719 rows).
2026-06-09 23:29:54  INFO      Initial Xerr (actual vs reference): [ 0.0000e+00  0.0000e+00  0.0000e+00 -5.5511e-17  0.0000e+00  5.5511e-17]  |Xerr|=0.0000
2026-06-09 23:29:54  INFO      Reference trajectory: 719 configurations  (7.18 s total)
2026-06-09 23:29:54  INFO      Starting control loop: 718 iterations …
2026-06-09 23:29:54  INFO        step    71 / 718   |Xerr|=0.3928
2026-06-09 23:29:54  INFO        step   142 / 718   |Xerr|=0.5699
2026-06-09 23:29:55  INFO        step   213 / 718   |Xerr|=0.5702
2026-06-09 23:29:55  INFO        step   284 / 718   |Xerr|=0.5702
2026-06-09 23:29:55  INFO        step   355 / 718   |Xerr|=0.5704
2026-06-09 23:29:55  INFO        step   426 / 718   |Xerr|=0.5703
2026-06-09 23:29:55  INFO        step   497 / 718   |Xerr|=0.5703
2026-06-09 23:29:55  INFO        step   568 / 718   |Xerr|=0.5703
2026-06-09 23:29:56  INFO        step   639 / 718   |Xerr|=0.5705
2026-06-09 23:29:56  INFO        step   710 / 718   |Xerr|=0.5708
2026-06-09 23:29:56  INFO      Control loop complete.  Final |Xerr| = 0.5708
2026-06-09 23:29:56  INFO      Robot config CSV → capstone_testA_trajectory.csv  (719 rows)
2026-06-09 23:29:56  INFO      Xerr CSV         → capstone_testA_Xerr.csv  (718 rows)
2026-06-09 23:29:56  INFO      
2026-06-09 23:29:56  INFO      --- Test B: feedforward only, perturbed start ---
2026-06-09 23:29:56  INFO      Using pre-built trajectory (719 rows).
2026-06-09 23:29:56  INFO      Initial Xerr (actual vs reference): [ 0.0985  0.     -0.017  -0.0178 -0.1336 -0.1034]  |Xerr|=0.1971
2026-06-09 23:29:56  INFO      Reference trajectory: 719 configurations  (7.18 s total)
2026-06-09 23:29:56  INFO      Starting control loop: 718 iterations …
2026-06-09 23:29:56  INFO        step    71 / 718   |Xerr|=0.2679
2026-06-09 23:29:56  INFO        step   142 / 718   |Xerr|=0.2669
2026-06-09 23:29:57  INFO        step   213 / 718   |Xerr|=0.2366
2026-06-09 23:29:57  INFO        step   284 / 718   |Xerr|=0.2363
2026-06-09 23:29:57  INFO        step   355 / 718   |Xerr|=0.2348
2026-06-09 23:29:57  INFO        step   426 / 718   |Xerr|=0.2355
2026-06-09 23:29:58  INFO        step   497 / 718   |Xerr|=0.2351
2026-06-09 23:29:58  INFO        step   568 / 718   |Xerr|=0.2350
2026-06-09 23:29:58  INFO        step   639 / 718   |Xerr|=0.2496
2026-06-09 23:29:58  INFO        step   710 / 718   |Xerr|=0.2445
2026-06-09 23:29:58  INFO      Control loop complete.  Final |Xerr| = 0.2356
2026-06-09 23:29:58  INFO      Robot config CSV → capstone_testB_trajectory.csv  (719 rows)
2026-06-09 23:29:58  INFO      Xerr CSV         → capstone_testB_Xerr.csv  (718 rows)
2026-06-09 23:29:58  INFO      
2026-06-09 23:29:58  INFO      --- Test C: PI feedback (Kp=2·I), perturbed start ---
2026-06-09 23:29:58  INFO      Using pre-built trajectory (719 rows).
2026-06-09 23:29:58  INFO      Initial Xerr (actual vs reference): [ 0.0985  0.     -0.017  -0.0178 -0.1336 -0.1034]  |Xerr|=0.1971
2026-06-09 23:29:58  INFO      Reference trajectory: 719 configurations  (7.18 s total)
2026-06-09 23:29:58  INFO      Starting control loop: 718 iterations …
2026-06-09 23:29:59  INFO        step    71 / 718   |Xerr|=0.2679
2026-06-09 23:29:59  INFO        step   142 / 718   |Xerr|=0.2669
2026-06-09 23:29:59  INFO        step   213 / 718   |Xerr|=0.2366
2026-06-09 23:29:59  INFO        step   284 / 718   |Xerr|=0.2363
2026-06-09 23:29:59  INFO        step   355 / 718   |Xerr|=0.2348
2026-06-09 23:30:00  INFO        step   426 / 718   |Xerr|=0.2355
2026-06-09 23:30:00  INFO        step   497 / 718   |Xerr|=0.2351
2026-06-09 23:30:00  INFO        step   568 / 718   |Xerr|=0.2350
2026-06-09 23:30:00  INFO        step   639 / 718   |Xerr|=0.2496
2026-06-09 23:30:00  INFO        step   710 / 718   |Xerr|=0.2445
2026-06-09 23:30:00  INFO      Control loop complete.  Final |Xerr| = 0.2356
2026-06-09 23:30:00  INFO      Robot config CSV → capstone_testC_trajectory.csv  (719 rows)
2026-06-09 23:30:00  INFO      Xerr CSV         → capstone_testC_Xerr.csv  (718 rows)
2026-06-09 23:30:00  INFO      
2026-06-09 23:30:00  INFO      All three tests complete.  Load the CSV files into
2026-06-09 23:30:00  INFO      CoppeliaSim Scene 6 and compare the animations.
