2026-06-08 23:13:04  INFO      Log file: C:\Users\admin\Documents\Robotics\Code\CourseraRobotics\2026-06-04_Capstone_Project\capstone_2026-06-08_23-13-04.log
2026-06-08 23:13:04  INFO      ============================================================
2026-06-08 23:13:04  INFO      Capstone Full Program – youBot Mobile Manipulation
2026-06-08 23:13:04  INFO      ============================================================
2026-06-08 23:13:04  INFO      build_trajectory: T_se_initial from FK:
[[ 0.17    0.      0.9854  0.3868]
 [ 0.      1.      0.      0.    ]
 [-0.9854  0.      0.17    0.5702]
 [ 0.      0.      0.      1.    ]]
2026-06-08 23:13:04  INFO      
2026-06-08 23:13:04  INFO      --- Test A: feedforward only, perfect start ---
2026-06-08 23:13:04  INFO      Using pre-built trajectory (674 rows).
2026-06-08 23:13:04  INFO      Initial Xerr (actual vs reference): [ 0.0000e+00  0.0000e+00  0.0000e+00 -5.5511e-17  0.0000e+00  5.5511e-17]  |Xerr|=0.0000
2026-06-08 23:13:04  INFO      Reference trajectory: 674 configurations  (6.73 s total)
2026-06-08 23:13:04  INFO      Starting control loop: 673 iterations …
2026-06-08 23:13:05  INFO        step    67 / 673   |Xerr|=0.0045
2026-06-08 23:13:05  INFO        step   134 / 673   |Xerr|=0.0079
2026-06-08 23:13:05  INFO        step   201 / 673   |Xerr|=0.0089
2026-06-08 23:13:05  INFO        step   268 / 673   |Xerr|=0.0105
2026-06-08 23:13:06  INFO        step   335 / 673   |Xerr|=0.0105
2026-06-08 23:13:06  INFO        step   402 / 673   |Xerr|=0.0098
2026-06-08 23:13:06  INFO        step   469 / 673   |Xerr|=0.0090
2026-06-08 23:13:06  INFO        step   536 / 673   |Xerr|=0.0089
2026-06-08 23:13:07  INFO        step   603 / 673   |Xerr|=0.0113
2026-06-08 23:13:07  INFO        step   670 / 673   |Xerr|=0.0135
2026-06-08 23:13:07  INFO      Control loop complete.  Final |Xerr| = 0.0135
2026-06-08 23:13:07  INFO      Robot config CSV → capstone_testA_trajectory.csv  (674 rows)
2026-06-08 23:13:07  INFO      Xerr CSV         → capstone_testA_Xerr.csv  (673 rows)
2026-06-08 23:13:07  INFO      
2026-06-08 23:13:07  INFO      --- Test B: feedforward only, perturbed start ---
2026-06-08 23:13:07  INFO      Using pre-built trajectory (674 rows).
2026-06-08 23:13:07  INFO      Initial Xerr (actual vs reference): [ 0.0985  0.     -0.017  -0.0178 -0.1336 -0.1034]  |Xerr|=0.1971
2026-06-08 23:13:07  INFO      Reference trajectory: 674 configurations  (6.73 s total)
2026-06-08 23:13:07  INFO      Starting control loop: 673 iterations …
2026-06-08 23:13:07  INFO        step    67 / 673   |Xerr|=0.1961
2026-06-08 23:13:07  INFO        step   134 / 673   |Xerr|=0.1942
2026-06-08 23:13:07  INFO        step   201 / 673   |Xerr|=0.1928
2026-06-08 23:13:08  INFO        step   268 / 673   |Xerr|=0.1914
2026-06-08 23:13:08  INFO        step   335 / 673   |Xerr|=0.1914
2026-06-08 23:13:08  INFO        step   402 / 673   |Xerr|=0.1917
2026-06-08 23:13:08  INFO        step   469 / 673   |Xerr|=0.1922
2026-06-08 23:13:09  INFO        step   536 / 673   |Xerr|=0.1923
2026-06-08 23:13:09  INFO        step   603 / 673   |Xerr|=0.1909
2026-06-08 23:13:09  INFO        step   670 / 673   |Xerr|=0.1894
2026-06-08 23:13:09  INFO      Control loop complete.  Final |Xerr| = 0.1894
2026-06-08 23:13:09  INFO      Robot config CSV → capstone_testB_trajectory.csv  (674 rows)
2026-06-08 23:13:09  INFO      Xerr CSV         → capstone_testB_Xerr.csv  (673 rows)
2026-06-08 23:13:09  INFO      
2026-06-08 23:13:09  INFO      --- Test C: PI feedback (Kp=2·I), perturbed start ---
2026-06-08 23:13:09  INFO      Using pre-built trajectory (674 rows).
2026-06-08 23:13:09  INFO      Initial Xerr (actual vs reference): [ 0.0985  0.     -0.017  -0.0178 -0.1336 -0.1034]  |Xerr|=0.1971
2026-06-08 23:13:09  INFO      Reference trajectory: 674 configurations  (6.73 s total)
2026-06-08 23:13:09  INFO      Starting control loop: 673 iterations …
2026-06-08 23:13:09  INFO        step    67 / 673   |Xerr|=0.0512
2026-06-08 23:13:09  INFO        step   134 / 673   |Xerr|=0.0126
2026-06-08 23:13:10  INFO        step   201 / 673   |Xerr|=0.0029
2026-06-08 23:13:10  INFO        step   268 / 673   |Xerr|=0.0021
2026-06-08 23:13:10  INFO        step   335 / 673   |Xerr|=0.0005
2026-06-08 23:13:10  INFO        step   402 / 673   |Xerr|=0.0003
2026-06-08 23:13:10  INFO        step   469 / 673   |Xerr|=0.0005
2026-06-08 23:13:11  INFO        step   536 / 673   |Xerr|=0.0002
2026-06-08 23:13:11  INFO        step   603 / 673   |Xerr|=0.0020
2026-06-08 23:13:11  INFO        step   670 / 673   |Xerr|=0.0030
2026-06-08 23:13:11  INFO      Control loop complete.  Final |Xerr| = 0.0028
2026-06-08 23:13:11  INFO      Robot config CSV → capstone_testC_trajectory.csv  (674 rows)
2026-06-08 23:13:11  INFO      Xerr CSV         → capstone_testC_Xerr.csv  (673 rows)
2026-06-08 23:13:11  INFO      
2026-06-08 23:13:11  INFO      All three tests complete.  Load the CSV files into
2026-06-08 23:13:11  INFO      CoppeliaSim Scene 6 and compare the animations.
