2026-06-09 22:17:07  INFO      Log file: C:\Users\admin\Documents\Robotics\Code\CourseraRobotics\2026-06-04_Capstone_Project\milestone_3_2026-06-09_22-17-07.log
2026-06-09 22:17:07  DEBUG     Xerr=[0.     0.1709 0.     0.0795 0.     0.1067]  Vd=[ 0.  0.  0. 20.  0. 10.]  V=[ 0.    0.    0.   21.4   0.    6.45]  controls=[ 1.5711e+02  1.5711e+02  1.5711e+02  1.5711e+02  9.9808e-14 -6.5262e+02
  1.3980e+03 -7.4542e+02  1.1493e-15]
2026-06-09 22:17:07  DEBUG     Xerr=[0.     0.1709 0.     0.0795 0.     0.1067]  Vd=[ 0.  0.  0. 20.  0. 10.]  V=[ 0.      1.7086  0.     22.1945  0.      7.5169]  controls=[ 1.5991e+02  1.5991e+02  1.5991e+02  1.5991e+02  1.0146e-13 -6.6650e+02
  1.4207e+03 -7.5590e+02  1.1680e-15]
2026-06-09 22:17:07  DEBUG     Xerr=[0.     0.1709 0.     0.0795 0.     0.1067]  Vd=[ 0.  0.  0. 20.  0. 10.]  V=[ 0.    0.    0.   21.4   0.    6.45]  controls=[ 1.5711e+02  1.5711e+02  1.5711e+02  1.5711e+02  9.9808e-14 -6.5262e+02
  1.3980e+03 -7.4542e+02  1.1493e-15]
2026-06-09 22:17:07  DEBUG     Joint limit violation predicted for joints [1, 2, 3] — zeroing Je columns and recomputing.
2026-06-09 22:17:07  DEBUG     Xerr=[0.     0.1709 0.     0.0795 0.     0.1067]  Vd=[ 0.  0.  0. 20.  0. 10.]  V=[ 0.    0.    0.   21.4   0.    6.45]  controls=[2.1039e+02 2.1039e+02 2.1039e+02 2.1039e+02 5.4949e-14 0.0000e+00
 0.0000e+00 0.0000e+00 4.9129e-16]
2026-06-09 22:17:08  DEBUG     Joint limit violation predicted for joints [1, 2, 3] — zeroing Je columns and recomputing.
2026-06-09 22:17:08  DEBUG     Xerr=[0. 0. 0. 0. 0. 0.]  Vd=[ 0.  0.  0. 20.  0. 10.]  V=[ 0.  0.  0. 20.  0. 10.]  controls=[2.7903e+02 2.7903e+02 2.7903e+02 2.7903e+02 7.2975e-14 0.0000e+00
 0.0000e+00 0.0000e+00 6.4736e-16]
2026-06-09 22:17:08  DEBUG     Xerr=[0.     0.1709 0.     0.0795 0.     0.1067]  Vd=[ 0.  0.  0. 20.  0. 10.]  V=[ 0.    0.    0.   21.4   0.    6.45]  controls=[ 1.5711e+02  1.5711e+02  1.5711e+02  1.5711e+02  9.9808e-14 -6.5262e+02
  1.3980e+03 -7.4542e+02  1.1493e-15]
2026-06-09 22:17:08  DEBUG     Xerr=[0.     0.1709 0.     0.0795 0.     0.1067]  Vd=[ 0.  0.  0. 20.  0. 10.]  V=[ 0.    0.    0.   21.4   0.    6.45]  controls=[ 1.5711e+02  1.5711e+02  1.5711e+02  1.5711e+02  9.9808e-14 -6.5262e+02
  1.3980e+03 -7.4542e+02  1.1493e-15]
2026-06-09 22:17:08  DEBUG     Xerr=[0.     0.1709 0.     0.0795 0.     0.1067]  Vd=[ 0.  0.  0. 20.  0. 10.]  V=[ 0.    0.    0.   21.4   0.    6.45]  controls=[ 1.5711e+02  1.5711e+02  1.5711e+02  1.5711e+02  9.9808e-14 -6.5262e+02
  1.3980e+03 -7.4542e+02  1.1493e-15]
2026-06-09 22:17:08  DEBUG     Xerr=[0.     0.1709 0.     0.0795 0.     0.1067]  Vd=[ 0.  0.  0. 20.  0. 10.]  V=[ 0.    0.    0.   21.4   0.    6.45]  controls=[ 1.5711e+02  1.5711e+02  1.5711e+02  1.5711e+02  9.9808e-14 -6.5262e+02
  1.3980e+03 -7.4542e+02  1.1493e-15]
2026-06-09 22:17:08  DEBUG     Xerr=[0.     0.1709 0.     0.0795 0.     0.1067]  Vd=[ 0.  0.  0. 20.  0. 10.]  V=[ 0.    0.    0.   21.4   0.    6.45]  controls=[ 1.5711e+02  1.5711e+02  1.5711e+02  1.5711e+02  9.9808e-14 -6.5262e+02
  1.3980e+03 -7.4542e+02  1.1493e-15]
2026-06-09 22:17:08  DEBUG     Xerr=[0.     0.1709 0.     0.0795 0.     0.1067]  Vd=[ 0.  0.  0. 20.  0. 10.]  V=[ 0.    0.    0.   21.4   0.    6.45]  controls=[ 1.5711e+02  1.5711e+02  1.5711e+02  1.5711e+02  9.9808e-14 -6.5262e+02
  1.3980e+03 -7.4542e+02  1.1493e-15]
2026-06-09 22:17:08  DEBUG     Xerr=[0.     0.1709 0.     0.0795 0.     0.1067]  Vd=[ 0.  0.  0. 20.  0. 10.]  V=[ 0.      0.1709  0.     21.4795  0.      6.5567]  controls=[ 1.5739e+02  1.5739e+02  1.5739e+02  1.5739e+02  9.9973e-14 -6.5401e+02
  1.4003e+03 -7.4646e+02  1.1512e-15]
2026-06-09 22:17:08  DEBUG     Xerr=[0.     0.1709 0.     0.0795 0.     0.1067]  Vd=[ 0.  0.  0. 20.  0. 10.]  V=[ 0.      0.1709  0.     21.4795  0.      6.5567]  controls=[ 1.5739e+02  1.5739e+02  1.5739e+02  1.5739e+02  9.9973e-14 -6.5401e+02
  1.4003e+03 -7.4646e+02  1.1512e-15]
2026-06-09 22:17:08  DEBUG     Joint limit violation predicted for joints [1, 3] — zeroing Je columns and recomputing.
2026-06-09 22:17:08  DEBUG     Xerr=[0.     0.1709 0.     0.0795 0.     0.1067]  Vd=[ 0.  0.  0. 20.  0. 10.]  V=[ 0.    0.    0.   21.4   0.    6.45]  controls=[-4.7243e+01 -4.7243e+01 -4.7243e+01 -4.7243e+01 -2.2359e-14  0.0000e+00
 -4.9121e+00  0.0000e+00  9.3727e-15]
2026-06-09 22:17:08  DEBUG     Xerr=[0.     0.1709 0.     0.0795 0.     0.1067]  Vd=[ 0.  0.  0. 20.  0. 10.]  V=[ 0.    0.    0.   21.4   0.    6.45]  controls=[ 5.9170e+01  5.9170e+01  5.9170e+01  5.9170e+01 -2.3748e-14 -9.6841e+02
 -1.9608e+02  1.1645e+03  1.6476e-14]
2026-06-09 22:17:08  DEBUG     Xerr=[0.     0.1709 0.     0.0795 0.     0.1067]  Vd=[ 0.  0.  0. 20.  0. 10.]  V=[ 0.    0.    0.   21.4   0.    6.45]  controls=[ 1.5711e+02  1.5711e+02  1.5711e+02  1.5711e+02  9.9808e-14 -6.5262e+02
  1.3980e+03 -7.4542e+02  1.1493e-15]
