2026-06-08 23:22:16  INFO      Log file: C:\Users\admin\Documents\Robotics\Code\CourseraRobotics\2026-06-04_Capstone_Project\milestone_3_2026-06-08_23-22-16.log
2026-06-08 23:22:16  DEBUG     Xerr=[0.     0.1709 0.     0.0795 0.     0.1067]  Vd=[ 0.  0.  0. 20.  0. 10.]  V=[ 0.    0.    0.   21.4   0.    6.45]  controls=[ 1.5711e+02  1.5711e+02  1.5711e+02  1.5711e+02  9.9808e-14 -6.5262e+02
  1.3980e+03 -7.4542e+02  1.1493e-15]
2026-06-08 23:22:16  DEBUG     Xerr=[0.     0.1709 0.     0.0795 0.     0.1067]  Vd=[ 0.  0.  0. 20.  0. 10.]  V=[ 0.      1.7086  0.     22.1945  0.      7.5169]  controls=[ 1.5991e+02  1.5991e+02  1.5991e+02  1.5991e+02  1.0146e-13 -6.6650e+02
  1.4207e+03 -7.5590e+02  1.1680e-15]
2026-06-08 23:22:16  DEBUG     Xerr=[0.     0.1709 0.     0.0795 0.     0.1067]  Vd=[ 0.  0.  0. 20.  0. 10.]  V=[ 0.    0.    0.   21.4   0.    6.45]  controls=[ 1.5711e+02  1.5711e+02  1.5711e+02  1.5711e+02  9.9808e-14 -6.5262e+02
  1.3980e+03 -7.4542e+02  1.1493e-15]
2026-06-08 23:22:16  DEBUG     Joint limit violation predicted for joints [2] — zeroing Je columns and recomputing.
2026-06-08 23:22:16  DEBUG     Xerr=[0.     0.1709 0.     0.0795 0.     0.1067]  Vd=[ 0.  0.  0. 20.  0. 10.]  V=[ 0.    0.    0.   21.4   0.    6.45]  controls=[ 4.7191e+03  4.7191e+03  4.7191e+03  4.7191e+03  5.2988e-13  7.4542e+02
  0.0000e+00 -7.4542e+02  1.1789e-15]
2026-06-08 23:22:17  DEBUG     Joint limit violation predicted for joints [2] — zeroing Je columns and recomputing.
2026-06-08 23:22:17  DEBUG     Xerr=[0. 0. 0. 0. 0. 0.]  Vd=[ 0.  0.  0. 20.  0. 10.]  V=[ 0.  0.  0. 20.  0. 10.]  controls=[ 4.3405e+03  4.3405e+03  4.3405e+03  4.3405e+03  4.8761e-13  6.7148e+02
  0.0000e+00 -6.7148e+02  1.1226e-15]
2026-06-08 23:22:17  DEBUG     Xerr=[0.     0.1709 0.     0.0795 0.     0.1067]  Vd=[ 0.  0.  0. 20.  0. 10.]  V=[ 0.    0.    0.   21.4   0.    6.45]  controls=[ 1.5711e+02  1.5711e+02  1.5711e+02  1.5711e+02  9.9808e-14 -6.5262e+02
  1.3980e+03 -7.4542e+02  1.1493e-15]
2026-06-08 23:22:17  DEBUG     Xerr=[0.     0.1709 0.     0.0795 0.     0.1067]  Vd=[ 0.  0.  0. 20.  0. 10.]  V=[ 0.    0.    0.   21.4   0.    6.45]  controls=[ 1.5711e+02  1.5711e+02  1.5711e+02  1.5711e+02  9.9808e-14 -6.5262e+02
  1.3980e+03 -7.4542e+02  1.1493e-15]
2026-06-08 23:22:17  DEBUG     Xerr=[0.     0.1709 0.     0.0795 0.     0.1067]  Vd=[ 0.  0.  0. 20.  0. 10.]  V=[ 0.    0.    0.   21.4   0.    6.45]  controls=[ 1.5711e+02  1.5711e+02  1.5711e+02  1.5711e+02  9.9808e-14 -6.5262e+02
  1.3980e+03 -7.4542e+02  1.1493e-15]
2026-06-08 23:22:17  DEBUG     Xerr=[0.     0.1709 0.     0.0795 0.     0.1067]  Vd=[ 0.  0.  0. 20.  0. 10.]  V=[ 0.    0.    0.   21.4   0.    6.45]  controls=[ 1.5711e+02  1.5711e+02  1.5711e+02  1.5711e+02  9.9808e-14 -6.5262e+02
  1.3980e+03 -7.4542e+02  1.1493e-15]
2026-06-08 23:22:17  DEBUG     Xerr=[0.     0.1709 0.     0.0795 0.     0.1067]  Vd=[ 0.  0.  0. 20.  0. 10.]  V=[ 0.    0.    0.   21.4   0.    6.45]  controls=[ 1.5711e+02  1.5711e+02  1.5711e+02  1.5711e+02  9.9808e-14 -6.5262e+02
  1.3980e+03 -7.4542e+02  1.1493e-15]
2026-06-08 23:22:17  DEBUG     Xerr=[0.     0.1709 0.     0.0795 0.     0.1067]  Vd=[ 0.  0.  0. 20.  0. 10.]  V=[ 0.    0.    0.   21.4   0.    6.45]  controls=[ 1.5711e+02  1.5711e+02  1.5711e+02  1.5711e+02  9.9808e-14 -6.5262e+02
  1.3980e+03 -7.4542e+02  1.1493e-15]
2026-06-08 23:22:17  DEBUG     Xerr=[0.     0.1709 0.     0.0795 0.     0.1067]  Vd=[ 0.  0.  0. 20.  0. 10.]  V=[ 0.      0.1709  0.     21.4795  0.      6.5567]  controls=[ 1.5739e+02  1.5739e+02  1.5739e+02  1.5739e+02  9.9973e-14 -6.5401e+02
  1.4003e+03 -7.4646e+02  1.1512e-15]
2026-06-08 23:22:17  DEBUG     Xerr=[0.     0.1709 0.     0.0795 0.     0.1067]  Vd=[ 0.  0.  0. 20.  0. 10.]  V=[ 0.      0.1709  0.     21.4795  0.      6.5567]  controls=[ 1.5739e+02  1.5739e+02  1.5739e+02  1.5739e+02  9.9973e-14 -6.5401e+02
  1.4003e+03 -7.4646e+02  1.1512e-15]
2026-06-08 23:22:17  DEBUG     Joint limit violation predicted for joints [2] — zeroing Je columns and recomputing.
2026-06-08 23:22:17  DEBUG     Xerr=[0.     0.1709 0.     0.0795 0.     0.1067]  Vd=[ 0.  0.  0. 20.  0. 10.]  V=[ 0.    0.    0.   21.4   0.    6.45]  controls=[ 4.7191e+03  4.7191e+03  4.7191e+03  4.7191e+03  5.2988e-13  7.4542e+02
  0.0000e+00 -7.4542e+02  1.1789e-15]
2026-06-08 23:22:17  DEBUG     Xerr=[0.     0.1709 0.     0.0795 0.     0.1067]  Vd=[ 0.  0.  0. 20.  0. 10.]  V=[ 0.    0.    0.   21.4   0.    6.45]  controls=[ 1.5711e+02  1.5711e+02  1.5711e+02  1.5711e+02  9.9808e-14 -6.5262e+02
  1.3980e+03 -7.4542e+02  1.1493e-15]
2026-06-08 23:22:17  DEBUG     Xerr=[0.     0.1709 0.     0.0795 0.     0.1067]  Vd=[ 0.  0.  0. 20.  0. 10.]  V=[ 0.    0.    0.   21.4   0.    6.45]  controls=[ 1.5711e+02  1.5711e+02  1.5711e+02  1.5711e+02  9.9808e-14 -6.5262e+02
  1.3980e+03 -7.4542e+02  1.1493e-15]
