2026-06-08 12:38:56  INFO      Log file: C:\Users\admin\Documents\Robotics\Code\CourseraRobotics\2026-06-04_Capstone_Project\milestone_3_2026-06-08_12-38-56.log
2026-06-08 12:38:56  DEBUG     Xerr=[0.     0.1709 0.     0.0795 0.     0.1067]  Vd=[ 0.  0.  0. 20.  0. 10.]  V=[ 0.    0.    0.   21.4   0.    6.45]  controls=[ 1.5711e+02  1.5711e+02  1.5711e+02  1.5711e+02  9.9808e-14 -6.5262e+02
  1.3980e+03 -7.4542e+02  1.1493e-15]
2026-06-08 12:38:56  DEBUG     Xerr=[0.     0.1709 0.     0.0795 0.     0.1067]  Vd=[ 0.  0.  0. 20.  0. 10.]  V=[ 0.      1.7086  0.     22.1945  0.      7.5169]  controls=[ 1.5991e+02  1.5991e+02  1.5991e+02  1.5991e+02  1.0146e-13 -6.6650e+02
  1.4207e+03 -7.5590e+02  1.1680e-15]
2026-06-08 12:38:56  DEBUG     Xerr=[0.     0.1709 0.     0.0795 0.     0.1067]  Vd=[ 0.  0.  0. 20.  0. 10.]  V=[ 0.    0.    0.   21.4   0.    6.45]  controls=[ 1.5711e+02  1.5711e+02  1.5711e+02  1.5711e+02  9.9808e-14 -6.5262e+02
  1.3980e+03 -7.4542e+02  1.1493e-15]
2026-06-08 12:38:56  DEBUG     Xerr=[0.     0.1709 0.     0.0795 0.     0.1067]  Vd=[ 0.  0.  0. 20.  0. 10.]  V=[ 0.    0.    0.   21.4   0.    6.45]  controls=[ 1.5711e+02  1.5711e+02  1.5711e+02  1.5711e+02  9.9808e-14 -6.5262e+02
  1.3980e+03 -7.4542e+02  1.1493e-15]
2026-06-08 12:38:57  DEBUG     Xerr=[0. 0. 0. 0. 0. 0.]  Vd=[ 0.  0.  0. 20.  0. 10.]  V=[ 0.  0.  0. 20.  0. 10.]  controls=[ 1.4554e+02  1.4554e+02  1.4554e+02  1.4554e+02  9.2347e-14 -6.1409e+02
  1.2856e+03 -6.7148e+02  1.0926e-15]
2026-06-08 12:38:57  DEBUG     Xerr=[0.     0.1709 0.     0.0795 0.     0.1067]  Vd=[ 0.  0.  0. 20.  0. 10.]  V=[ 0.    0.    0.   21.4   0.    6.45]  controls=[ 1.5711e+02  1.5711e+02  1.5711e+02  1.5711e+02  9.9808e-14 -6.5262e+02
  1.3980e+03 -7.4542e+02  1.1493e-15]
2026-06-08 12:38:57  DEBUG     Xerr=[0.     0.1709 0.     0.0795 0.     0.1067]  Vd=[ 0.  0.  0. 20.  0. 10.]  V=[ 0.    0.    0.   21.4   0.    6.45]  controls=[ 1.5711e+02  1.5711e+02  1.5711e+02  1.5711e+02  9.9808e-14 -6.5262e+02
  1.3980e+03 -7.4542e+02  1.1493e-15]
2026-06-08 12:38:57  DEBUG     Xerr=[0.     0.1709 0.     0.0795 0.     0.1067]  Vd=[ 0.  0.  0. 20.  0. 10.]  V=[ 0.    0.    0.   21.4   0.    6.45]  controls=[ 1.5711e+02  1.5711e+02  1.5711e+02  1.5711e+02  9.9808e-14 -6.5262e+02
  1.3980e+03 -7.4542e+02  1.1493e-15]
2026-06-08 12:38:57  DEBUG     Xerr=[0.     0.1709 0.     0.0795 0.     0.1067]  Vd=[ 0.  0.  0. 20.  0. 10.]  V=[ 0.    0.    0.   21.4   0.    6.45]  controls=[ 1.5711e+02  1.5711e+02  1.5711e+02  1.5711e+02  9.9808e-14 -6.5262e+02
  1.3980e+03 -7.4542e+02  1.1493e-15]
2026-06-08 12:38:57  DEBUG     Xerr=[0.     0.1709 0.     0.0795 0.     0.1067]  Vd=[ 0.  0.  0. 20.  0. 10.]  V=[ 0.    0.    0.   21.4   0.    6.45]  controls=[ 1.5711e+02  1.5711e+02  1.5711e+02  1.5711e+02  9.9808e-14 -6.5262e+02
  1.3980e+03 -7.4542e+02  1.1493e-15]
2026-06-08 12:38:57  DEBUG     Xerr=[0.     0.1709 0.     0.0795 0.     0.1067]  Vd=[ 0.  0.  0. 20.  0. 10.]  V=[ 0.    0.    0.   21.4   0.    6.45]  controls=[ 1.5711e+02  1.5711e+02  1.5711e+02  1.5711e+02  9.9808e-14 -6.5262e+02
  1.3980e+03 -7.4542e+02  1.1493e-15]
2026-06-08 12:38:57  DEBUG     Xerr=[0.     0.1709 0.     0.0795 0.     0.1067]  Vd=[ 0.  0.  0. 20.  0. 10.]  V=[ 0.      0.1709  0.     21.4795  0.      6.5567]  controls=[ 1.5739e+02  1.5739e+02  1.5739e+02  1.5739e+02  9.9973e-14 -6.5401e+02
  1.4003e+03 -7.4646e+02  1.1512e-15]
2026-06-08 12:38:57  DEBUG     Xerr=[0.     0.1709 0.     0.0795 0.     0.1067]  Vd=[ 0.  0.  0. 20.  0. 10.]  V=[ 0.      0.1709  0.     21.4795  0.      6.5567]  controls=[ 1.5739e+02  1.5739e+02  1.5739e+02  1.5739e+02  9.9973e-14 -6.5401e+02
  1.4003e+03 -7.4646e+02  1.1512e-15]
