2026-06-09 23:56:31  INFO      Log file: C:\Users\admin\Documents\Robotics\Code\CourseraRobotics\2026-06-04_Capstone_Project\milestone_2_2026-06-09_23-56-31.log
2026-06-09 23:56:31  DEBUG     === Input transforms ===
2026-06-09 23:56:31  DEBUG       T_se_initial  (EE start, space frame):
2026-06-09 23:56:31  DEBUG         [   0.1700    0.0000    0.9854    0.3868 ]
2026-06-09 23:56:31  DEBUG         [   0.0000    1.0000    0.0000    0.0000 ]
2026-06-09 23:56:31  DEBUG         [  -0.9854    0.0000    0.1700    0.5702 ]
2026-06-09 23:56:31  DEBUG         [   0.0000    0.0000    0.0000    1.0000 ]
2026-06-09 23:56:31  DEBUG       T_sc_initial  (cube initial, space frame):
2026-06-09 23:56:31  DEBUG         [   1.0000    0.0000    0.0000    1.0000 ]
2026-06-09 23:56:31  DEBUG         [   0.0000    1.0000    0.0000    0.0000 ]
2026-06-09 23:56:31  DEBUG         [   0.0000    0.0000    1.0000    0.0250 ]
2026-06-09 23:56:31  DEBUG         [   0.0000    0.0000    0.0000    1.0000 ]
2026-06-09 23:56:31  DEBUG       T_sc_final    (cube goal, space frame):
2026-06-09 23:56:31  DEBUG         [   0.0000    1.0000    0.0000    0.0000 ]
2026-06-09 23:56:31  DEBUG         [  -1.0000    0.0000    0.0000   -1.0000 ]
2026-06-09 23:56:31  DEBUG         [   0.0000    0.0000    1.0000    0.0250 ]
2026-06-09 23:56:31  DEBUG         [   0.0000    0.0000    0.0000    1.0000 ]
2026-06-09 23:56:31  DEBUG       T_ce_grasp    (grasp relative to cube):
2026-06-09 23:56:31  DEBUG         [  -1.0000    0.0000    0.0000    0.0000 ]
2026-06-09 23:56:31  DEBUG         [   0.0000    1.0000    0.0000    0.0000 ]
2026-06-09 23:56:31  DEBUG         [   0.0000    0.0000   -1.0000    0.0180 ]
2026-06-09 23:56:31  DEBUG         [   0.0000    0.0000    0.0000    1.0000 ]
2026-06-09 23:56:31  INFO      TrajectoryGenerator  k=1  v_max=0.50 m/s  w_max=1.00 rad/s  method=5
2026-06-09 23:56:31  INFO        Seg 1 – initial → standoff_i            Tf=1.730 s  rows= 174  [screw]
2026-06-09 23:56:31  INFO        Seg 2 – standoff_i → grasp_i            Tf=0.390 s  rows=  39  [cartesian]
2026-06-09 23:56:31  INFO        Seg 3 – gripper CLOSE (0.625 s)         Tf=0.625 s  rows=  62  [hold]
2026-06-09 23:56:31  INFO        Seg 4 – grasp_i → standoff_i            Tf=0.390 s  rows=  39  [cartesian]
2026-06-09 23:56:31  INFO        Seg 5 – standoff_i → standoff_f         Tf=2.830 s  rows= 283  [screw]
2026-06-09 23:56:31  INFO        Seg 6 – standoff_f → grasp_f            Tf=0.390 s  rows=  39  [cartesian]
2026-06-09 23:56:31  INFO        Seg 7 – gripper OPEN  (0.625 s)         Tf=0.625 s  rows=  62  [hold]
2026-06-09 23:56:31  INFO        Seg 8 – grasp_f → standoff_f            Tf=0.390 s  rows=  39  [cartesian]
2026-06-09 23:56:31  INFO      TrajectoryGenerator  total rows = 737
