2026-06-10 17:12:44  INFO      Log file: C:\Users\admin\Documents\Robotics\Code\CourseraRobotics\2026-06-04_Capstone_Project\capstone_2026-06-10_17-12-44.log
2026-06-10 17:12:44  INFO      ============================================================
2026-06-10 17:12:44  INFO      Capstone Full Program – youBot Mobile Manipulation
2026-06-10 17:12:44  INFO      ============================================================
2026-06-10 17:12:44  INFO      build_trajectory: T_se_initial from FK:
[[ 0.17    0.      0.9854  0.3868]
 [ 0.      1.      0.      0.    ]
 [-0.9854  0.      0.17    0.5702]
 [ 0.      0.      0.      1.    ]]
2026-06-10 17:12:45  INFO      
2026-06-10 17:12:45  INFO      --- Test A: feedforward only, perfect start ---
2026-06-10 17:12:45  INFO      Using pre-built trajectory (707 rows).
2026-06-10 17:12:45  INFO      Initial Xerr (actual vs reference): [ 0.0000e+00  0.0000e+00  0.0000e+00 -5.5511e-17  0.0000e+00  5.5511e-17]  |Xerr|=0.0000
2026-06-10 17:12:45  INFO      Reference trajectory: 707 configurations  (7.06 s total)
2026-06-10 17:12:45  INFO      Starting control loop: 706 iterations …
2026-06-10 17:12:45  INFO        step    70 / 706   |Xerr|=0.1292
2026-06-10 17:12:45  INFO        step   140 / 706   |Xerr|=0.2640
2026-06-10 17:12:45  INFO        step   210 / 706   |Xerr|=0.2658
2026-06-10 17:12:46  INFO        step   280 / 706   |Xerr|=0.2660
2026-06-10 17:12:46  INFO        step   350 / 706   |Xerr|=0.2671
2026-06-10 17:12:46  INFO        step   420 / 706   |Xerr|=0.2668
2026-06-10 17:12:46  INFO        step   490 / 706   |Xerr|=0.2663
2026-06-10 17:12:46  INFO        step   560 / 706   |Xerr|=0.2662
2026-06-10 17:12:47  INFO        step   630 / 706   |Xerr|=0.2677
2026-06-10 17:12:47  INFO        step   700 / 706   |Xerr|=0.2692
2026-06-10 17:12:47  INFO      Control loop complete.  Final |Xerr| = 0.2693
2026-06-10 17:12:47  INFO      Robot config CSV → capstone_testA_trajectory.csv  (707 rows)
2026-06-10 17:12:47  INFO      Xerr CSV         → capstone_testA_Xerr.csv  (706 rows)
2026-06-10 17:12:47  INFO      
2026-06-10 17:12:47  INFO      --- Test B: feedforward only, perturbed start ---
2026-06-10 17:12:47  INFO      Using pre-built trajectory (707 rows).
2026-06-10 17:12:47  INFO      Initial Xerr (actual vs reference): [ 0.0985  0.     -0.017  -0.0178 -0.1336 -0.1034]  |Xerr|=0.1971
2026-06-10 17:12:47  INFO      Reference trajectory: 707 configurations  (7.06 s total)
2026-06-10 17:12:47  INFO      Starting control loop: 706 iterations …
2026-06-10 17:12:47  INFO        step    70 / 706   |Xerr|=0.2189
2026-06-10 17:12:48  INFO        step   140 / 706   |Xerr|=0.2211
2026-06-10 17:12:48  INFO        step   210 / 706   |Xerr|=0.2075
2026-06-10 17:12:48  INFO        step   280 / 706   |Xerr|=0.2070
2026-06-10 17:12:48  INFO        step   350 / 706   |Xerr|=0.2036
2026-06-10 17:12:49  INFO        step   420 / 706   |Xerr|=0.2037
2026-06-10 17:12:49  INFO        step   490 / 706   |Xerr|=0.2034
2026-06-10 17:12:49  INFO        step   560 / 706   |Xerr|=0.2033
2026-06-10 17:12:49  INFO        step   630 / 706   |Xerr|=0.2004
2026-06-10 17:12:50  INFO        step   700 / 706   |Xerr|=0.1961
2026-06-10 17:12:50  INFO      Control loop complete.  Final |Xerr| = 0.1959
2026-06-10 17:12:50  INFO      Robot config CSV → capstone_testB_trajectory.csv  (707 rows)
2026-06-10 17:12:50  INFO      Xerr CSV         → capstone_testB_Xerr.csv  (706 rows)
2026-06-10 17:12:50  INFO      
2026-06-10 17:12:50  INFO      --- Test C: PI feedback (Kp=2·I), perturbed start ---
2026-06-10 17:12:50  INFO      Using pre-built trajectory (707 rows).
2026-06-10 17:12:50  INFO      Initial Xerr (actual vs reference): [ 0.0985  0.     -0.017  -0.0178 -0.1336 -0.1034]  |Xerr|=0.1971
2026-06-10 17:12:50  INFO      Reference trajectory: 707 configurations  (7.06 s total)
2026-06-10 17:12:50  INFO      Starting control loop: 706 iterations …
2026-06-10 17:12:50  INFO        step    70 / 706   |Xerr|=0.2189
2026-06-10 17:12:50  INFO        step   140 / 706   |Xerr|=0.2211
2026-06-10 17:12:50  INFO        step   210 / 706   |Xerr|=0.2075
2026-06-10 17:12:51  INFO        step   280 / 706   |Xerr|=0.2070
2026-06-10 17:12:51  INFO        step   350 / 706   |Xerr|=0.2036
2026-06-10 17:12:51  INFO        step   420 / 706   |Xerr|=0.2037
2026-06-10 17:12:51  INFO        step   490 / 706   |Xerr|=0.2034
2026-06-10 17:12:52  INFO        step   560 / 706   |Xerr|=0.2033
2026-06-10 17:12:52  INFO        step   630 / 706   |Xerr|=0.2004
2026-06-10 17:12:52  INFO        step   700 / 706   |Xerr|=0.1961
2026-06-10 17:12:52  INFO      Control loop complete.  Final |Xerr| = 0.1959
2026-06-10 17:12:52  INFO      Robot config CSV → capstone_testC_trajectory.csv  (707 rows)
2026-06-10 17:12:52  INFO      Xerr CSV         → capstone_testC_Xerr.csv  (706 rows)
2026-06-10 17:12:52  INFO      
2026-06-10 17:12:52  INFO      All three tests complete.  Load the CSV files into
2026-06-10 17:12:52  INFO      CoppeliaSim Scene 6 and compare the animations.
