2026-06-09 23:34:41  INFO      Log file: C:\Users\admin\Documents\Robotics\Code\CourseraRobotics\2026-06-04_Capstone_Project\milestone_2_2026-06-09_23-34-41.log
2026-06-09 23:34:41  INFO      === Milestone 2 – Reference Trajectory Generation ===
2026-06-09 23:34:41  DEBUG     === Input transforms ===
2026-06-09 23:34:41  DEBUG       T_se_initial  (EE start, space frame):
2026-06-09 23:34:41  DEBUG         [   0.0000    0.0000    1.0000    0.0000 ]
2026-06-09 23:34:41  DEBUG         [   0.0000    1.0000    0.0000    0.0000 ]
2026-06-09 23:34:41  DEBUG         [  -1.0000    0.0000    0.0000    0.5000 ]
2026-06-09 23:34:41  DEBUG         [   0.0000    0.0000    0.0000    1.0000 ]
2026-06-09 23:34:41  DEBUG       T_sc_initial  (cube initial, space frame):
2026-06-09 23:34:41  DEBUG         [   1.0000    0.0000    0.0000    1.0000 ]
2026-06-09 23:34:41  DEBUG         [   0.0000    1.0000    0.0000    0.0000 ]
2026-06-09 23:34:41  DEBUG         [   0.0000    0.0000    1.0000    0.0250 ]
2026-06-09 23:34:41  DEBUG         [   0.0000    0.0000    0.0000    1.0000 ]
2026-06-09 23:34:41  DEBUG       T_sc_final    (cube goal, space frame):
2026-06-09 23:34:41  DEBUG         [   0.0000    1.0000    0.0000    0.0000 ]
2026-06-09 23:34:41  DEBUG         [  -1.0000    0.0000    0.0000   -1.0000 ]
2026-06-09 23:34:41  DEBUG         [   0.0000    0.0000    1.0000    0.0250 ]
2026-06-09 23:34:41  DEBUG         [   0.0000    0.0000    0.0000    1.0000 ]
2026-06-09 23:34:41  DEBUG       T_ce_grasp    (grasp relative to cube):
2026-06-09 23:34:41  DEBUG         [  -1.0000    0.0000    0.0000    0.0000 ]
2026-06-09 23:34:41  DEBUG         [   0.0000    1.0000    0.0000    0.0000 ]
2026-06-09 23:34:41  DEBUG         [   0.0000    0.0000   -1.0000   -0.0180 ]
2026-06-09 23:34:41  DEBUG         [   0.0000    0.0000    0.0000    1.0000 ]
2026-06-09 23:34:41  DEBUG       T_ce_standoff (standoff relative to cube):
2026-06-09 23:34:41  DEBUG         [  -1.0000    0.0000    0.0000    0.0000 ]
2026-06-09 23:34:41  DEBUG         [   0.0000    1.0000    0.0000    0.0000 ]
2026-06-09 23:34:41  DEBUG         [   0.0000    0.0000   -1.0000    0.1500 ]
2026-06-09 23:34:41  DEBUG         [   0.0000    0.0000    0.0000    1.0000 ]
2026-06-09 23:34:41  DEBUG     === Derived waypoint transforms ===
2026-06-09 23:34:41  DEBUG       T_se_standoff_i  (standoff above initial cube):
2026-06-09 23:34:41  DEBUG         [  -1.0000    0.0000    0.0000    1.0000 ]
2026-06-09 23:34:41  DEBUG         [   0.0000    1.0000    0.0000    0.0000 ]
2026-06-09 23:34:41  DEBUG         [   0.0000    0.0000   -1.0000    0.1750 ]
2026-06-09 23:34:41  DEBUG         [   0.0000    0.0000    0.0000    1.0000 ]
2026-06-09 23:34:41  DEBUG       T_se_grasp_i     (grasp at initial cube):
2026-06-09 23:34:41  DEBUG         [  -1.0000    0.0000    0.0000    1.0000 ]
2026-06-09 23:34:41  DEBUG         [   0.0000    1.0000    0.0000    0.0000 ]
2026-06-09 23:34:41  DEBUG         [   0.0000    0.0000   -1.0000    0.0070 ]
2026-06-09 23:34:41  DEBUG         [   0.0000    0.0000    0.0000    1.0000 ]
2026-06-09 23:34:41  DEBUG       T_se_standoff_f  (standoff above final cube):
2026-06-09 23:34:41  DEBUG         [   0.0000    1.0000    0.0000    0.0000 ]
2026-06-09 23:34:41  DEBUG         [   1.0000    0.0000    0.0000   -1.0000 ]
2026-06-09 23:34:41  DEBUG         [   0.0000    0.0000   -1.0000    0.1750 ]
2026-06-09 23:34:41  DEBUG         [   0.0000    0.0000    0.0000    1.0000 ]
2026-06-09 23:34:41  DEBUG       T_se_grasp_f     (grasp at final cube):
2026-06-09 23:34:41  DEBUG         [   0.0000    1.0000    0.0000    0.0000 ]
2026-06-09 23:34:41  DEBUG         [   1.0000    0.0000    0.0000   -1.0000 ]
2026-06-09 23:34:41  DEBUG         [   0.0000    0.0000   -1.0000    0.0070 ]
2026-06-09 23:34:41  DEBUG         [   0.0000    0.0000    0.0000    1.0000 ]
2026-06-09 23:34:41  INFO      TrajectoryGenerator  k=1  v_max=0.50 m/s  w_max=1.00 rad/s  method=5
2026-06-09 23:34:41  INFO        Seg 1 – initial → standoff_i            Tf=2.110 s  rows= 212  [screw]
2026-06-09 23:34:41  INFO        Seg 2 – standoff_i → grasp_i            Tf=0.340 s  rows=  34  [cartesian]
2026-06-09 23:34:41  INFO        Seg 3 – gripper CLOSE (0.625 s)         Tf=0.625 s  rows=  62  [hold]
2026-06-09 23:34:41  INFO        Seg 4 – grasp_i → standoff_i            Tf=0.340 s  rows=  34  [cartesian]
2026-06-09 23:34:41  INFO        Seg 5 – standoff_i → standoff_f         Tf=2.830 s  rows= 283  [screw]
2026-06-09 23:34:41  INFO        Seg 6 – standoff_f → grasp_f            Tf=0.340 s  rows=  34  [cartesian]
2026-06-09 23:34:41  INFO        Seg 7 – gripper OPEN  (0.625 s)         Tf=0.625 s  rows=  62  [hold]
2026-06-09 23:34:41  INFO        Seg 8 – grasp_f → standoff_f            Tf=0.340 s  rows=  34  [cartesian]
2026-06-09 23:34:41  INFO      TrajectoryGenerator  total rows = 755
2026-06-09 23:34:41  INFO      CSV written → milestone_2_trajectory.csv  (755 rows)
2026-06-09 23:34:41  INFO      Done.  755 trajectory rows written.
