2026-06-09 22:09:06  INFO      Log file: C:\Users\admin\Documents\Robotics\Code\CourseraRobotics\2026-06-04_Capstone_Project\capstone_2026-06-09_22-09-06.log
2026-06-09 22:09:06  INFO      ============================================================
2026-06-09 22:09:06  INFO      Capstone Full Program – youBot Mobile Manipulation
2026-06-09 22:09:06  INFO      ============================================================
2026-06-09 22:09:06  INFO      build_trajectory: T_se_initial from FK:
[[ 0.17    0.      0.9854  0.3868]
 [ 0.      1.      0.      0.    ]
 [-0.9854  0.      0.17    0.5702]
 [ 0.      0.      0.      1.    ]]
2026-06-09 22:09:06  INFO      
2026-06-09 22:09:06  INFO      --- Test A: feedforward only, perfect start ---
2026-06-09 22:09:06  INFO      Using pre-built trajectory (674 rows).
2026-06-09 22:09:06  INFO      Initial Xerr (actual vs reference): [ 0.0000e+00  0.0000e+00  0.0000e+00 -5.5511e-17  0.0000e+00  5.5511e-17]  |Xerr|=0.0000
2026-06-09 22:09:06  INFO      Reference trajectory: 674 configurations  (6.73 s total)
2026-06-09 22:09:06  INFO      Starting control loop: 673 iterations …
2026-06-09 22:09:06  INFO        step    67 / 673   |Xerr|=0.0020
2026-06-09 22:09:06  INFO        step   134 / 673   |Xerr|=0.0033
2026-06-09 22:09:07  INFO        step   201 / 673   |Xerr|=0.0049
2026-06-09 22:09:07  INFO        step   268 / 673   |Xerr|=0.0072
2026-06-09 22:09:07  INFO        step   335 / 673   |Xerr|=0.0072
2026-06-09 22:09:07  INFO        step   402 / 673   |Xerr|=0.0073
2026-06-09 22:09:08  INFO        step   469 / 673   |Xerr|=0.0074
2026-06-09 22:09:08  INFO        step   536 / 673   |Xerr|=0.0074
2026-06-09 22:09:08  INFO        step   603 / 673   |Xerr|=0.0097
2026-06-09 22:09:08  INFO        step   670 / 673   |Xerr|=0.0123
2026-06-09 22:09:08  INFO      Control loop complete.  Final |Xerr| = 0.0123
2026-06-09 22:09:08  INFO      Robot config CSV → capstone_testA_trajectory.csv  (674 rows)
2026-06-09 22:09:08  INFO      Xerr CSV         → capstone_testA_Xerr.csv  (673 rows)
2026-06-09 22:09:08  INFO      
2026-06-09 22:09:08  INFO      --- Test B: feedforward only, perturbed start ---
2026-06-09 22:09:08  INFO      Using pre-built trajectory (674 rows).
2026-06-09 22:09:08  INFO      Initial Xerr (actual vs reference): [ 0.0985  0.     -0.017  -0.0178 -0.1336 -0.1034]  |Xerr|=0.1971
2026-06-09 22:09:08  INFO      Reference trajectory: 674 configurations  (6.73 s total)
2026-06-09 22:09:08  INFO      Starting control loop: 673 iterations …
2026-06-09 22:09:08  INFO        step    67 / 673   |Xerr|=0.1978
2026-06-09 22:09:09  INFO        step   134 / 673   |Xerr|=0.1988
2026-06-09 22:09:09  INFO        step   201 / 673   |Xerr|=0.2000
2026-06-09 22:09:09  INFO        step   268 / 673   |Xerr|=0.2012
2026-06-09 22:09:09  INFO        step   335 / 673   |Xerr|=0.2012
2026-06-09 22:09:09  INFO        step   402 / 673   |Xerr|=0.2011
2026-06-09 22:09:10  INFO        step   469 / 673   |Xerr|=0.2010
2026-06-09 22:09:10  INFO        step   536 / 673   |Xerr|=0.2009
2026-06-09 22:09:10  INFO        step   603 / 673   |Xerr|=0.2022
2026-06-09 22:09:10  INFO        step   670 / 673   |Xerr|=0.2035
2026-06-09 22:09:10  INFO      Control loop complete.  Final |Xerr| = 0.2035
2026-06-09 22:09:10  INFO      Robot config CSV → capstone_testB_trajectory.csv  (674 rows)
2026-06-09 22:09:10  INFO      Xerr CSV         → capstone_testB_Xerr.csv  (673 rows)
2026-06-09 22:09:10  INFO      
2026-06-09 22:09:10  INFO      --- Test C: PI feedback (Kp=2·I), perturbed start ---
2026-06-09 22:09:10  INFO      Using pre-built trajectory (674 rows).
2026-06-09 22:09:10  INFO      Initial Xerr (actual vs reference): [ 0.0985  0.     -0.017  -0.0178 -0.1336 -0.1034]  |Xerr|=0.1971
2026-06-09 22:09:10  INFO      Reference trajectory: 674 configurations  (6.73 s total)
2026-06-09 22:09:10  INFO      Starting control loop: 673 iterations …
2026-06-09 22:09:10  INFO        step    67 / 673   |Xerr|=0.1978
2026-06-09 22:09:11  INFO        step   134 / 673   |Xerr|=0.1988
2026-06-09 22:09:11  INFO        step   201 / 673   |Xerr|=0.2000
2026-06-09 22:09:11  INFO        step   268 / 673   |Xerr|=0.2012
2026-06-09 22:09:11  INFO        step   335 / 673   |Xerr|=0.2012
2026-06-09 22:09:11  INFO        step   402 / 673   |Xerr|=0.2011
2026-06-09 22:09:11  INFO        step   469 / 673   |Xerr|=0.2010
2026-06-09 22:09:12  INFO        step   536 / 673   |Xerr|=0.2009
2026-06-09 22:09:12  INFO        step   603 / 673   |Xerr|=0.2022
2026-06-09 22:09:12  INFO        step   670 / 673   |Xerr|=0.2035
2026-06-09 22:09:12  INFO      Control loop complete.  Final |Xerr| = 0.2035
2026-06-09 22:09:12  INFO      Robot config CSV → capstone_testC_trajectory.csv  (674 rows)
2026-06-09 22:09:12  INFO      Xerr CSV         → capstone_testC_Xerr.csv  (673 rows)
2026-06-09 22:09:12  INFO      
2026-06-09 22:09:12  INFO      All three tests complete.  Load the CSV files into
2026-06-09 22:09:12  INFO      CoppeliaSim Scene 6 and compare the animations.
