2026-06-09 22:59:38  INFO      Log file: C:\Users\admin\Documents\Robotics\Code\CourseraRobotics\2026-06-04_Capstone_Project\capstone_2026-06-09_22-59-38.log
2026-06-09 22:59:38  INFO      ============================================================
2026-06-09 22:59:38  INFO      Capstone Full Program – youBot Mobile Manipulation
2026-06-09 22:59:38  INFO      ============================================================
2026-06-09 22:59:38  INFO      build_trajectory: T_se_initial from FK:
[[ 0.17    0.      0.9854  0.3868]
 [ 0.      1.      0.      0.    ]
 [-0.9854  0.      0.17    0.5702]
 [ 0.      0.      0.      1.    ]]
2026-06-09 22:59:38  INFO      
2026-06-09 22:59:38  INFO      --- Test A: feedforward only, perfect start ---
2026-06-09 22:59:38  INFO      Using pre-built trajectory (674 rows).
2026-06-09 22:59:38  INFO      Initial Xerr (actual vs reference): [ 0.0000e+00  0.0000e+00  0.0000e+00 -5.5511e-17  0.0000e+00  5.5511e-17]  |Xerr|=0.0000
2026-06-09 22:59:38  INFO      Reference trajectory: 674 configurations  (6.73 s total)
2026-06-09 22:59:38  INFO      Starting control loop: 673 iterations …
2026-06-09 22:59:38  INFO        step    67 / 673   |Xerr|=0.0576
2026-06-09 22:59:38  INFO        step   134 / 673   |Xerr|=0.3117
2026-06-09 22:59:39  INFO        step   201 / 673   |Xerr|=0.2821
2026-06-09 22:59:39  INFO        step   268 / 673   |Xerr|=0.2852
2026-06-09 22:59:39  INFO        step   335 / 673   |Xerr|=0.2851
2026-06-09 22:59:39  INFO        step   402 / 673   |Xerr|=0.2846
2026-06-09 22:59:39  INFO        step   469 / 673   |Xerr|=0.2840
2026-06-09 22:59:39  INFO        step   536 / 673   |Xerr|=0.2839
2026-06-09 22:59:40  INFO        step   603 / 673   |Xerr|=0.2887
2026-06-09 22:59:40  INFO        step   670 / 673   |Xerr|=0.2921
2026-06-09 22:59:40  INFO      Control loop complete.  Final |Xerr| = 0.2921
2026-06-09 22:59:40  INFO      Robot config CSV → capstone_testA_trajectory.csv  (674 rows)
2026-06-09 22:59:40  INFO      Xerr CSV         → capstone_testA_Xerr.csv  (673 rows)
2026-06-09 22:59:40  INFO      
2026-06-09 22:59:40  INFO      --- Test B: feedforward only, perturbed start ---
2026-06-09 22:59:40  INFO      Using pre-built trajectory (674 rows).
2026-06-09 22:59:40  INFO      Initial Xerr (actual vs reference): [ 0.0985  0.     -0.017  -0.0178 -0.1336 -0.1034]  |Xerr|=0.1971
2026-06-09 22:59:40  INFO      Reference trajectory: 674 configurations  (6.73 s total)
2026-06-09 22:59:40  INFO      Starting control loop: 673 iterations …
2026-06-09 22:59:40  INFO        step    67 / 673   |Xerr|=0.2027
2026-06-09 22:59:40  INFO        step   134 / 673   |Xerr|=0.3586
2026-06-09 22:59:41  INFO        step   201 / 673   |Xerr|=0.4888
2026-06-09 22:59:41  INFO        step   268 / 673   |Xerr|=0.4268
2026-06-09 22:59:41  INFO        step   335 / 673   |Xerr|=0.4268
2026-06-09 22:59:41  INFO        step   402 / 673   |Xerr|=0.4269
2026-06-09 22:59:41  INFO        step   469 / 673   |Xerr|=0.4270
2026-06-09 22:59:42  INFO        step   536 / 673   |Xerr|=0.4270
2026-06-09 22:59:42  INFO        step   603 / 673   |Xerr|=0.4215
2026-06-09 22:59:42  INFO        step   670 / 673   |Xerr|=0.4181
2026-06-09 22:59:42  INFO      Control loop complete.  Final |Xerr| = 0.4181
2026-06-09 22:59:42  INFO      Robot config CSV → capstone_testB_trajectory.csv  (674 rows)
2026-06-09 22:59:42  INFO      Xerr CSV         → capstone_testB_Xerr.csv  (673 rows)
2026-06-09 22:59:42  INFO      
2026-06-09 22:59:42  INFO      --- Test C: PI feedback (Kp=2·I), perturbed start ---
2026-06-09 22:59:42  INFO      Using pre-built trajectory (674 rows).
2026-06-09 22:59:42  INFO      Initial Xerr (actual vs reference): [ 0.0985  0.     -0.017  -0.0178 -0.1336 -0.1034]  |Xerr|=0.1971
2026-06-09 22:59:42  INFO      Reference trajectory: 674 configurations  (6.73 s total)
2026-06-09 22:59:42  INFO      Starting control loop: 673 iterations …
2026-06-09 22:59:42  INFO        step    67 / 673   |Xerr|=0.2027
2026-06-09 22:59:42  INFO        step   134 / 673   |Xerr|=0.3586
2026-06-09 22:59:43  INFO        step   201 / 673   |Xerr|=0.4888
2026-06-09 22:59:43  INFO        step   268 / 673   |Xerr|=0.4268
2026-06-09 22:59:43  INFO        step   335 / 673   |Xerr|=0.4268
2026-06-09 22:59:43  INFO        step   402 / 673   |Xerr|=0.4269
2026-06-09 22:59:43  INFO        step   469 / 673   |Xerr|=0.4270
2026-06-09 22:59:43  INFO        step   536 / 673   |Xerr|=0.4270
2026-06-09 22:59:44  INFO        step   603 / 673   |Xerr|=0.4215
2026-06-09 22:59:44  INFO        step   670 / 673   |Xerr|=0.4181
2026-06-09 22:59:44  INFO      Control loop complete.  Final |Xerr| = 0.4181
2026-06-09 22:59:44  INFO      Robot config CSV → capstone_testC_trajectory.csv  (674 rows)
2026-06-09 22:59:44  INFO      Xerr CSV         → capstone_testC_Xerr.csv  (673 rows)
2026-06-09 22:59:44  INFO      
2026-06-09 22:59:44  INFO      All three tests complete.  Load the CSV files into
2026-06-09 22:59:44  INFO      CoppeliaSim Scene 6 and compare the animations.
