2026-06-09 23:56:09  INFO      Log file: C:\Users\admin\Documents\Robotics\Code\CourseraRobotics\2026-06-04_Capstone_Project\milestone_2_2026-06-09_23-56-09.log
2026-06-09 23:56:09  DEBUG     === Input transforms ===
2026-06-09 23:56:09  DEBUG       T_se_initial  (EE start, space frame):
2026-06-09 23:56:09  DEBUG         [   0.1700    0.0000    0.9854    0.3868 ]
2026-06-09 23:56:09  DEBUG         [   0.0000    1.0000    0.0000    0.0000 ]
2026-06-09 23:56:09  DEBUG         [  -0.9854    0.0000    0.1700    0.5702 ]
2026-06-09 23:56:09  DEBUG         [   0.0000    0.0000    0.0000    1.0000 ]
2026-06-09 23:56:09  DEBUG       T_sc_initial  (cube initial, space frame):
2026-06-09 23:56:09  DEBUG         [   1.0000    0.0000    0.0000    1.0000 ]
2026-06-09 23:56:09  DEBUG         [   0.0000    1.0000    0.0000    0.0000 ]
2026-06-09 23:56:09  DEBUG         [   0.0000    0.0000    1.0000    0.0250 ]
2026-06-09 23:56:09  DEBUG         [   0.0000    0.0000    0.0000    1.0000 ]
2026-06-09 23:56:09  DEBUG       T_sc_final    (cube goal, space frame):
2026-06-09 23:56:09  DEBUG         [   0.0000    1.0000    0.0000    0.0000 ]
2026-06-09 23:56:09  DEBUG         [  -1.0000    0.0000    0.0000   -1.0000 ]
2026-06-09 23:56:09  DEBUG         [   0.0000    0.0000    1.0000    0.0250 ]
2026-06-09 23:56:09  DEBUG         [   0.0000    0.0000    0.0000    1.0000 ]
2026-06-09 23:56:09  DEBUG       T_ce_grasp    (grasp relative to cube):
2026-06-09 23:56:09  DEBUG         [  -1.0000    0.0000    0.0000    0.0000 ]
2026-06-09 23:56:09  DEBUG         [   0.0000    1.0000    0.0000    0.0000 ]
2026-06-09 23:56:09  DEBUG         [   0.0000    0.0000   -1.0000    0.0180 ]
2026-06-09 23:56:09  DEBUG         [   0.0000    0.0000    0.0000    1.0000 ]
