2026-06-10 17:43:18  INFO      Log file: C:\Users\admin\Documents\Robotics\Code\CourseraRobotics\2026-06-04_Capstone_Project\milestone_2_2026-06-10_17-43-18.log
2026-06-10 17:43:18  DEBUG     === Input transforms ===
2026-06-10 17:43:18  DEBUG       T_se_initial  (EE start, space frame):
2026-06-10 17:43:18  DEBUG         [   0.1700    0.0000    0.9854    0.3868 ]
2026-06-10 17:43:18  DEBUG         [   0.0000    1.0000    0.0000    0.0000 ]
2026-06-10 17:43:18  DEBUG         [  -0.9854    0.0000    0.1700    0.5702 ]
2026-06-10 17:43:18  DEBUG         [   0.0000    0.0000    0.0000    1.0000 ]
2026-06-10 17:43:18  DEBUG       T_sc_initial  (cube initial, space frame):
2026-06-10 17:43:18  DEBUG         [   1.0000    0.0000    0.0000    1.0000 ]
2026-06-10 17:43:18  DEBUG         [   0.0000    1.0000    0.0000    0.0000 ]
2026-06-10 17:43:18  DEBUG         [   0.0000    0.0000    1.0000    0.0250 ]
2026-06-10 17:43:18  DEBUG         [   0.0000    0.0000    0.0000    1.0000 ]
2026-06-10 17:43:18  DEBUG       T_sc_final    (cube goal, space frame):
2026-06-10 17:43:18  DEBUG         [   0.0000    1.0000    0.0000    0.0000 ]
2026-06-10 17:43:18  DEBUG         [  -1.0000    0.0000    0.0000   -1.0000 ]
2026-06-10 17:43:18  DEBUG         [   0.0000    0.0000    1.0000    0.0250 ]
2026-06-10 17:43:18  DEBUG         [   0.0000    0.0000    0.0000    1.0000 ]
2026-06-10 17:43:18  DEBUG       T_ce_grasp    (grasp relative to cube):
2026-06-10 17:43:18  DEBUG         [  -1.0000    0.0000    0.0000    0.0000 ]
2026-06-10 17:43:18  DEBUG         [   0.0000    1.0000    0.0000    0.0000 ]
2026-06-10 17:43:18  DEBUG         [   0.0000    0.0000   -1.0000    0.0180 ]
2026-06-10 17:43:18  DEBUG         [   0.0000    0.0000    0.0000    1.0000 ]
2026-06-10 17:43:18  DEBUG       T_ce_standoff (standoff relative to cube):
2026-06-10 17:43:18  DEBUG         [  -1.0000    0.0000    0.0000    0.0000 ]
2026-06-10 17:43:18  DEBUG         [   0.0000    1.0000    0.0000    0.0000 ]
2026-06-10 17:43:18  DEBUG         [   0.0000    0.0000   -1.0000    0.1680 ]
2026-06-10 17:43:18  DEBUG         [   0.0000    0.0000    0.0000    1.0000 ]
2026-06-10 17:43:18  DEBUG     === Derived waypoints (T_se in space frame) ===
2026-06-10 17:43:18  DEBUG       T_se_standoff_i  (standoff above initial cube):
2026-06-10 17:43:18  DEBUG         [  -1.0000    0.0000    0.0000    1.0000 ]
2026-06-10 17:43:18  DEBUG         [   0.0000    1.0000    0.0000    0.0000 ]
2026-06-10 17:43:18  DEBUG         [   0.0000    0.0000   -1.0000    0.1930 ]
2026-06-10 17:43:18  DEBUG         [   0.0000    0.0000    0.0000    1.0000 ]
2026-06-10 17:43:18  DEBUG       T_se_grasp_i     (grasp at initial cube):
2026-06-10 17:43:18  DEBUG         [  -1.0000    0.0000    0.0000    1.0000 ]
2026-06-10 17:43:18  DEBUG         [   0.0000    1.0000    0.0000    0.0000 ]
2026-06-10 17:43:18  DEBUG         [   0.0000    0.0000   -1.0000    0.0430 ]
2026-06-10 17:43:18  DEBUG         [   0.0000    0.0000    0.0000    1.0000 ]
2026-06-10 17:43:18  DEBUG       T_se_standoff_f  (standoff above final cube):
2026-06-10 17:43:18  DEBUG         [   0.0000    1.0000    0.0000    0.0000 ]
2026-06-10 17:43:18  DEBUG         [   1.0000    0.0000    0.0000   -1.0000 ]
2026-06-10 17:43:18  DEBUG         [   0.0000    0.0000   -1.0000    0.1930 ]
2026-06-10 17:43:18  DEBUG         [   0.0000    0.0000    0.0000    1.0000 ]
2026-06-10 17:43:18  DEBUG       T_se_grasp_f     (grasp at final cube):
2026-06-10 17:43:18  DEBUG         [   0.0000    1.0000    0.0000    0.0000 ]
2026-06-10 17:43:18  DEBUG         [   1.0000    0.0000    0.0000   -1.0000 ]
2026-06-10 17:43:18  DEBUG         [   0.0000    0.0000   -1.0000    0.0430 ]
2026-06-10 17:43:18  DEBUG         [   0.0000    0.0000    0.0000    1.0000 ]
2026-06-10 17:43:18  INFO      TrajectoryGenerator  k=1  v_max=0.50 m/s  w_max=1.00 rad/s  method=5
2026-06-10 17:43:18  INFO        Seg 1 – initial → standoff_i            Tf=1.750 s  rows= 176  [screw]
2026-06-10 17:43:18  DEBUG           T_se start:
2026-06-10 17:43:18  DEBUG         [   0.1700    0.0000    0.9854    0.3868 ]
2026-06-10 17:43:18  DEBUG         [   0.0000    1.0000    0.0000    0.0000 ]
2026-06-10 17:43:18  DEBUG         [  -0.9854    0.0000    0.1700    0.5702 ]
2026-06-10 17:43:18  DEBUG         [   0.0000    0.0000    0.0000    1.0000 ]
2026-06-10 17:43:18  DEBUG           T_se end  :
2026-06-10 17:43:18  DEBUG         [  -1.0000    0.0000    0.0000    1.0000 ]
2026-06-10 17:43:18  DEBUG         [   0.0000    1.0000    0.0000    0.0000 ]
2026-06-10 17:43:18  DEBUG         [  -0.0000    0.0000   -1.0000    0.1930 ]
2026-06-10 17:43:18  DEBUG         [   0.0000    0.0000    0.0000    1.0000 ]
2026-06-10 17:43:18  INFO        Seg 2 – standoff_i → grasp_i            Tf=0.310 s  rows=  31  [cartesian]
2026-06-10 17:43:18  DEBUG           T_se start:
2026-06-10 17:43:18  DEBUG         [  -1.0000    0.0000    0.0000    1.0000 ]
2026-06-10 17:43:18  DEBUG         [   0.0000    1.0000    0.0000    0.0000 ]
2026-06-10 17:43:18  DEBUG         [   0.0000    0.0000   -1.0000    0.1930 ]
2026-06-10 17:43:18  DEBUG         [   0.0000    0.0000    0.0000    1.0000 ]
2026-06-10 17:43:18  DEBUG           T_se end  :
2026-06-10 17:43:18  DEBUG         [  -1.0000    0.0000    0.0000    1.0000 ]
2026-06-10 17:43:18  DEBUG         [   0.0000    1.0000    0.0000    0.0000 ]
2026-06-10 17:43:18  DEBUG         [   0.0000    0.0000   -1.0000    0.0430 ]
2026-06-10 17:43:18  DEBUG         [   0.0000    0.0000    0.0000    1.0000 ]
2026-06-10 17:43:18  INFO        Seg 3 – gripper CLOSE (0.625 s)         Tf=0.625 s  rows=  62  [hold]
2026-06-10 17:43:18  INFO        Seg 4 – grasp_i → standoff_i            Tf=0.310 s  rows=  31  [cartesian]
2026-06-10 17:43:18  DEBUG           T_se start:
2026-06-10 17:43:18  DEBUG         [  -1.0000    0.0000    0.0000    1.0000 ]
2026-06-10 17:43:18  DEBUG         [   0.0000    1.0000    0.0000    0.0000 ]
2026-06-10 17:43:18  DEBUG         [   0.0000    0.0000   -1.0000    0.0430 ]
2026-06-10 17:43:18  DEBUG         [   0.0000    0.0000    0.0000    1.0000 ]
2026-06-10 17:43:18  DEBUG           T_se end  :
2026-06-10 17:43:18  DEBUG         [  -1.0000    0.0000    0.0000    1.0000 ]
2026-06-10 17:43:18  DEBUG         [   0.0000    1.0000    0.0000    0.0000 ]
2026-06-10 17:43:18  DEBUG         [   0.0000    0.0000   -1.0000    0.1930 ]
2026-06-10 17:43:18  DEBUG         [   0.0000    0.0000    0.0000    1.0000 ]
2026-06-10 17:43:18  INFO        Seg 5 – standoff_i → standoff_f         Tf=2.830 s  rows= 283  [screw]
2026-06-10 17:43:18  DEBUG           T_se start:
2026-06-10 17:43:18  DEBUG         [  -1.0000    0.0000    0.0000    1.0000 ]
2026-06-10 17:43:18  DEBUG         [   0.0000    1.0000    0.0000   -0.0000 ]
2026-06-10 17:43:18  DEBUG         [   0.0000    0.0000   -1.0000    0.1930 ]
2026-06-10 17:43:18  DEBUG         [   0.0000    0.0000    0.0000    1.0000 ]
2026-06-10 17:43:18  DEBUG           T_se end  :
2026-06-10 17:43:18  DEBUG         [  -0.0000    1.0000    0.0000   -0.0000 ]
2026-06-10 17:43:18  DEBUG         [   1.0000    0.0000    0.0000   -1.0000 ]
2026-06-10 17:43:18  DEBUG         [   0.0000    0.0000   -1.0000    0.1930 ]
2026-06-10 17:43:18  DEBUG         [   0.0000    0.0000    0.0000    1.0000 ]
2026-06-10 17:43:18  INFO        Seg 6 – standoff_f → grasp_f            Tf=0.310 s  rows=  31  [cartesian]
2026-06-10 17:43:18  DEBUG           T_se start:
2026-06-10 17:43:18  DEBUG         [   0.0000    1.0000    0.0000    0.0000 ]
2026-06-10 17:43:18  DEBUG         [   1.0000    0.0000    0.0000   -1.0000 ]
2026-06-10 17:43:18  DEBUG         [   0.0000    0.0000   -1.0000    0.1930 ]
2026-06-10 17:43:18  DEBUG         [   0.0000    0.0000    0.0000    1.0000 ]
2026-06-10 17:43:18  DEBUG           T_se end  :
2026-06-10 17:43:18  DEBUG         [   0.0000    1.0000    0.0000    0.0000 ]
2026-06-10 17:43:18  DEBUG         [   1.0000    0.0000    0.0000   -1.0000 ]
2026-06-10 17:43:18  DEBUG         [   0.0000    0.0000   -1.0000    0.0430 ]
2026-06-10 17:43:18  DEBUG         [   0.0000    0.0000    0.0000    1.0000 ]
2026-06-10 17:43:18  INFO        Seg 7 – gripper OPEN  (0.625 s)         Tf=0.625 s  rows=  62  [hold]
2026-06-10 17:43:18  INFO        Seg 8 – grasp_f → standoff_f            Tf=0.310 s  rows=  31  [cartesian]
2026-06-10 17:43:18  DEBUG           T_se start:
2026-06-10 17:43:18  DEBUG         [   0.0000    1.0000    0.0000    0.0000 ]
2026-06-10 17:43:18  DEBUG         [   1.0000    0.0000    0.0000   -1.0000 ]
2026-06-10 17:43:18  DEBUG         [   0.0000    0.0000   -1.0000    0.0430 ]
2026-06-10 17:43:18  DEBUG         [   0.0000    0.0000    0.0000    1.0000 ]
2026-06-10 17:43:18  DEBUG           T_se end  :
2026-06-10 17:43:18  DEBUG         [   0.0000    1.0000    0.0000    0.0000 ]
2026-06-10 17:43:18  DEBUG         [   1.0000    0.0000    0.0000   -1.0000 ]
2026-06-10 17:43:18  DEBUG         [   0.0000    0.0000   -1.0000    0.1930 ]
2026-06-10 17:43:18  DEBUG         [   0.0000    0.0000    0.0000    1.0000 ]
2026-06-10 17:43:18  INFO      TrajectoryGenerator  total rows = 707
