2026-06-05 06:20:44  INFO      Log file: C:\Users\admin\Documents\Robotics\Code\CourseraRobotics\2026-06-04_Capstone_Project\milestone_1_2026-06-05_06-20-44.log
2026-06-05 06:20:44  INFO      === Milestone 1 – youBot kinematic simulator ===
2026-06-05 06:20:44  INFO      simulate  N=100 steps  dt=0.0100 s  max_speed=12.300 rad/s
2026-06-05 06:20:44  DEBUG     Initial config: [0. 0. 0. 0. 0. 0. 0. 0. 0. 0. 0. 0. 0.]
2026-06-05 06:20:44  DEBUG     step    1  config: [0.      0.00475 0.      0.      0.      0.      0.      0.      0.1
 0.1     0.1     0.1     0.     ]
2026-06-05 06:20:44  DEBUG     step    2  config: [0.     0.0095 0.     0.     0.     0.     0.     0.     0.2    0.2
 0.2    0.2    0.    ]
2026-06-05 06:20:44  DEBUG     step    3  config: [0.      0.01425 0.      0.      0.      0.      0.      0.      0.3
 0.3     0.3     0.3     0.     ]
2026-06-05 06:20:44  DEBUG     step    4  config: [0.    0.019 0.    0.    0.    0.    0.    0.    0.4   0.4   0.4   0.4
 0.   ]
2026-06-05 06:20:44  DEBUG     step    5  config: [0.      0.02375 0.      0.      0.      0.      0.      0.      0.5
 0.5     0.5     0.5     0.     ]
2026-06-05 06:20:44  DEBUG     step    6  config: [0.     0.0285 0.     0.     0.     0.     0.     0.     0.6    0.6
 0.6    0.6    0.    ]
2026-06-05 06:20:44  DEBUG     step    7  config: [0.      0.03325 0.      0.      0.      0.      0.      0.      0.7
 0.7     0.7     0.7     0.     ]
2026-06-05 06:20:44  DEBUG     step    8  config: [0.    0.038 0.    0.    0.    0.    0.    0.    0.8   0.8   0.8   0.8
 0.   ]
2026-06-05 06:20:44  DEBUG     step    9  config: [0.      0.04275 0.      0.      0.      0.      0.      0.      0.9
 0.9     0.9     0.9     0.     ]
2026-06-05 06:20:44  DEBUG     step   10  config: [0.     0.0475 0.     0.     0.     0.     0.     0.     1.     1.
 1.     1.     0.    ]
2026-06-05 06:20:44  DEBUG     step   11  config: [0.      0.05225 0.      0.      0.      0.      0.      0.      1.1
 1.1     1.1     1.1     0.     ]
2026-06-05 06:20:44  DEBUG     step   12  config: [0.    0.057 0.    0.    0.    0.    0.    0.    1.2   1.2   1.2   1.2
 0.   ]
2026-06-05 06:20:44  DEBUG     step   13  config: [0.      0.06175 0.      0.      0.      0.      0.      0.      1.3
 1.3     1.3     1.3     0.     ]
2026-06-05 06:20:44  DEBUG     step   14  config: [0.     0.0665 0.     0.     0.     0.     0.     0.     1.4    1.4
 1.4    1.4    0.    ]
2026-06-05 06:20:44  DEBUG     step   15  config: [0.      0.07125 0.      0.      0.      0.      0.      0.      1.5
 1.5     1.5     1.5     0.     ]
2026-06-05 06:20:44  DEBUG     step   16  config: [0.    0.076 0.    0.    0.    0.    0.    0.    1.6   1.6   1.6   1.6
 0.   ]
2026-06-05 06:20:44  DEBUG     step   17  config: [0.      0.08075 0.      0.      0.      0.      0.      0.      1.7
 1.7     1.7     1.7     0.     ]
2026-06-05 06:20:44  DEBUG     step   18  config: [0.     0.0855 0.     0.     0.     0.     0.     0.     1.8    1.8
 1.8    1.8    0.    ]
2026-06-05 06:20:44  DEBUG     step   19  config: [0.      0.09025 0.      0.      0.      0.      0.      0.      1.9
 1.9     1.9     1.9     0.     ]
2026-06-05 06:20:44  DEBUG     step   20  config: [0.    0.095 0.    0.    0.    0.    0.    0.    2.    2.    2.    2.
 0.   ]
2026-06-05 06:20:44  DEBUG     step   21  config: [0.      0.09975 0.      0.      0.      0.      0.      0.      2.1
 2.1     2.1     2.1     0.     ]
2026-06-05 06:20:44  DEBUG     step   22  config: [0.     0.1045 0.     0.     0.     0.     0.     0.     2.2    2.2
 2.2    2.2    0.    ]
2026-06-05 06:20:44  DEBUG     step   23  config: [0.      0.10925 0.      0.      0.      0.      0.      0.      2.3
 2.3     2.3     2.3     0.     ]
2026-06-05 06:20:44  DEBUG     step   24  config: [0.    0.114 0.    0.    0.    0.    0.    0.    2.4   2.4   2.4   2.4
 0.   ]
2026-06-05 06:20:44  DEBUG     step   25  config: [0.      0.11875 0.      0.      0.      0.      0.      0.      2.5
 2.5     2.5     2.5     0.     ]
2026-06-05 06:20:44  DEBUG     step   26  config: [0.     0.1235 0.     0.     0.     0.     0.     0.     2.6    2.6
 2.6    2.6    0.    ]
2026-06-05 06:20:44  DEBUG     step   27  config: [0.      0.12825 0.      0.      0.      0.      0.      0.      2.7
 2.7     2.7     2.7     0.     ]
2026-06-05 06:20:44  DEBUG     step   28  config: [0.    0.133 0.    0.    0.    0.    0.    0.    2.8   2.8   2.8   2.8
 0.   ]
2026-06-05 06:20:44  DEBUG     step   29  config: [0.      0.13775 0.      0.      0.      0.      0.      0.      2.9
 2.9     2.9     2.9     0.     ]
2026-06-05 06:20:44  DEBUG     step   30  config: [0.     0.1425 0.     0.     0.     0.     0.     0.     3.     3.
 3.     3.     0.    ]
2026-06-05 06:20:44  DEBUG     step   31  config: [0.      0.14725 0.      0.      0.      0.      0.      0.      3.1
 3.1     3.1     3.1     0.     ]
2026-06-05 06:20:44  DEBUG     step   32  config: [0.    0.152 0.    0.    0.    0.    0.    0.    3.2   3.2   3.2   3.2
 0.   ]
2026-06-05 06:20:44  DEBUG     step   33  config: [0.      0.15675 0.      0.      0.      0.      0.      0.      3.3
 3.3     3.3     3.3     0.     ]
2026-06-05 06:20:44  DEBUG     step   34  config: [0.     0.1615 0.     0.     0.     0.     0.     0.     3.4    3.4
 3.4    3.4    0.    ]
2026-06-05 06:20:44  DEBUG     step   35  config: [0.      0.16625 0.      0.      0.      0.      0.      0.      3.5
 3.5     3.5     3.5     0.     ]
2026-06-05 06:20:44  DEBUG     step   36  config: [0.    0.171 0.    0.    0.    0.    0.    0.    3.6   3.6   3.6   3.6
 0.   ]
2026-06-05 06:20:44  DEBUG     step   37  config: [0.      0.17575 0.      0.      0.      0.      0.      0.      3.7
 3.7     3.7     3.7     0.     ]
2026-06-05 06:20:44  DEBUG     step   38  config: [0.     0.1805 0.     0.     0.     0.     0.     0.     3.8    3.8
 3.8    3.8    0.    ]
2026-06-05 06:20:44  DEBUG     step   39  config: [0.      0.18525 0.      0.      0.      0.      0.      0.      3.9
 3.9     3.9     3.9     0.     ]
2026-06-05 06:20:44  DEBUG     step   40  config: [0.   0.19 0.   0.   0.   0.   0.   0.   4.   4.   4.   4.   0.  ]
2026-06-05 06:20:44  DEBUG     step   41  config: [0.      0.19475 0.      0.      0.      0.      0.      0.      4.1
 4.1     4.1     4.1     0.     ]
2026-06-05 06:20:44  DEBUG     step   42  config: [0.     0.1995 0.     0.     0.     0.     0.     0.     4.2    4.2
 4.2    4.2    0.    ]
2026-06-05 06:20:44  DEBUG     step   43  config: [0.      0.20425 0.      0.      0.      0.      0.      0.      4.3
 4.3     4.3     4.3     0.     ]
2026-06-05 06:20:44  DEBUG     step   44  config: [0.    0.209 0.    0.    0.    0.    0.    0.    4.4   4.4   4.4   4.4
 0.   ]
2026-06-05 06:20:44  DEBUG     step   45  config: [0.      0.21375 0.      0.      0.      0.      0.      0.      4.5
 4.5     4.5     4.5     0.     ]
2026-06-05 06:20:44  DEBUG     step   46  config: [0.     0.2185 0.     0.     0.     0.     0.     0.     4.6    4.6
 4.6    4.6    0.    ]
2026-06-05 06:20:44  DEBUG     step   47  config: [0.      0.22325 0.      0.      0.      0.      0.      0.      4.7
 4.7     4.7     4.7     0.     ]
2026-06-05 06:20:44  DEBUG     step   48  config: [0.    0.228 0.    0.    0.    0.    0.    0.    4.8   4.8   4.8   4.8
 0.   ]
2026-06-05 06:20:44  DEBUG     step   49  config: [0.      0.23275 0.      0.      0.      0.      0.      0.      4.9
 4.9     4.9     4.9     0.     ]
2026-06-05 06:20:44  DEBUG     step   50  config: [0.     0.2375 0.     0.     0.     0.     0.     0.     5.     5.
 5.     5.     0.    ]
2026-06-05 06:20:44  DEBUG     step   51  config: [0.      0.24225 0.      0.      0.      0.      0.      0.      5.1
 5.1     5.1     5.1     0.     ]
2026-06-05 06:20:44  DEBUG     step   52  config: [0.    0.247 0.    0.    0.    0.    0.    0.    5.2   5.2   5.2   5.2
 0.   ]
2026-06-05 06:20:44  DEBUG     step   53  config: [0.      0.25175 0.      0.      0.      0.      0.      0.      5.3
 5.3     5.3     5.3     0.     ]
2026-06-05 06:20:44  DEBUG     step   54  config: [0.     0.2565 0.     0.     0.     0.     0.     0.     5.4    5.4
 5.4    5.4    0.    ]
2026-06-05 06:20:44  DEBUG     step   55  config: [0.      0.26125 0.      0.      0.      0.      0.      0.      5.5
 5.5     5.5     5.5     0.     ]
2026-06-05 06:20:44  DEBUG     step   56  config: [0.    0.266 0.    0.    0.    0.    0.    0.    5.6   5.6   5.6   5.6
 0.   ]
2026-06-05 06:20:44  DEBUG     step   57  config: [0.      0.27075 0.      0.      0.      0.      0.      0.      5.7
 5.7     5.7     5.7     0.     ]
2026-06-05 06:20:44  DEBUG     step   58  config: [0.     0.2755 0.     0.     0.     0.     0.     0.     5.8    5.8
 5.8    5.8    0.    ]
2026-06-05 06:20:44  DEBUG     step   59  config: [0.      0.28025 0.      0.      0.      0.      0.      0.      5.9
 5.9     5.9     5.9     0.     ]
2026-06-05 06:20:44  DEBUG     step   60  config: [0.    0.285 0.    0.    0.    0.    0.    0.    6.    6.    6.    6.
 0.   ]
2026-06-05 06:20:44  DEBUG     step   61  config: [0.      0.28975 0.      0.      0.      0.      0.      0.      6.1
 6.1     6.1     6.1     0.     ]
2026-06-05 06:20:44  DEBUG     step   62  config: [0.     0.2945 0.     0.     0.     0.     0.     0.     6.2    6.2
 6.2    6.2    0.    ]
2026-06-05 06:20:44  DEBUG     step   63  config: [0.      0.29925 0.      0.      0.      0.      0.      0.      6.3
 6.3     6.3     6.3     0.     ]
2026-06-05 06:20:44  DEBUG     step   64  config: [0.    0.304 0.    0.    0.    0.    0.    0.    6.4   6.4   6.4   6.4
 0.   ]
2026-06-05 06:20:44  DEBUG     step   65  config: [0.      0.30875 0.      0.      0.      0.      0.      0.      6.5
 6.5     6.5     6.5     0.     ]
2026-06-05 06:20:44  DEBUG     step   66  config: [0.     0.3135 0.     0.     0.     0.     0.     0.     6.6    6.6
 6.6    6.6    0.    ]
2026-06-05 06:20:44  DEBUG     step   67  config: [0.      0.31825 0.      0.      0.      0.      0.      0.      6.7
 6.7     6.7     6.7     0.     ]
2026-06-05 06:20:44  DEBUG     step   68  config: [0.    0.323 0.    0.    0.    0.    0.    0.    6.8   6.8   6.8   6.8
 0.   ]
2026-06-05 06:20:44  DEBUG     step   69  config: [0.      0.32775 0.      0.      0.      0.      0.      0.      6.9
 6.9     6.9     6.9     0.     ]
2026-06-05 06:20:44  DEBUG     step   70  config: [0.     0.3325 0.     0.     0.     0.     0.     0.     7.     7.
 7.     7.     0.    ]
2026-06-05 06:20:44  DEBUG     step   71  config: [0.      0.33725 0.      0.      0.      0.      0.      0.      7.1
 7.1     7.1     7.1     0.     ]
2026-06-05 06:20:44  DEBUG     step   72  config: [0.    0.342 0.    0.    0.    0.    0.    0.    7.2   7.2   7.2   7.2
 0.   ]
2026-06-05 06:20:44  DEBUG     step   73  config: [0.      0.34675 0.      0.      0.      0.      0.      0.      7.3
 7.3     7.3     7.3     0.     ]
2026-06-05 06:20:44  DEBUG     step   74  config: [0.     0.3515 0.     0.     0.     0.     0.     0.     7.4    7.4
 7.4    7.4    0.    ]
2026-06-05 06:20:44  DEBUG     step   75  config: [0.      0.35625 0.      0.      0.      0.      0.      0.      7.5
 7.5     7.5     7.5     0.     ]
2026-06-05 06:20:44  DEBUG     step   76  config: [0.    0.361 0.    0.    0.    0.    0.    0.    7.6   7.6   7.6   7.6
 0.   ]
2026-06-05 06:20:44  DEBUG     step   77  config: [0.      0.36575 0.      0.      0.      0.      0.      0.      7.7
 7.7     7.7     7.7     0.     ]
2026-06-05 06:20:44  DEBUG     step   78  config: [0.     0.3705 0.     0.     0.     0.     0.     0.     7.8    7.8
 7.8    7.8    0.    ]
2026-06-05 06:20:44  DEBUG     step   79  config: [0.      0.37525 0.      0.      0.      0.      0.      0.      7.9
 7.9     7.9     7.9     0.     ]
2026-06-05 06:20:44  DEBUG     step   80  config: [0.   0.38 0.   0.   0.   0.   0.   0.   8.   8.   8.   8.   0.  ]
2026-06-05 06:20:44  DEBUG     step   81  config: [0.      0.38475 0.      0.      0.      0.      0.      0.      8.1
 8.1     8.1     8.1     0.     ]
2026-06-05 06:20:44  DEBUG     step   82  config: [0.     0.3895 0.     0.     0.     0.     0.     0.     8.2    8.2
 8.2    8.2    0.    ]
2026-06-05 06:20:44  DEBUG     step   83  config: [0.      0.39425 0.      0.      0.      0.      0.      0.      8.3
 8.3     8.3     8.3     0.     ]
2026-06-05 06:20:44  DEBUG     step   84  config: [0.    0.399 0.    0.    0.    0.    0.    0.    8.4   8.4   8.4   8.4
 0.   ]
2026-06-05 06:20:44  DEBUG     step   85  config: [0.      0.40375 0.      0.      0.      0.      0.      0.      8.5
 8.5     8.5     8.5     0.     ]
2026-06-05 06:20:44  DEBUG     step   86  config: [0.     0.4085 0.     0.     0.     0.     0.     0.     8.6    8.6
 8.6    8.6    0.    ]
2026-06-05 06:20:44  DEBUG     step   87  config: [0.      0.41325 0.      0.      0.      0.      0.      0.      8.7
 8.7     8.7     8.7     0.     ]
2026-06-05 06:20:44  DEBUG     step   88  config: [0.    0.418 0.    0.    0.    0.    0.    0.    8.8   8.8   8.8   8.8
 0.   ]
2026-06-05 06:20:44  DEBUG     step   89  config: [0.      0.42275 0.      0.      0.      0.      0.      0.      8.9
 8.9     8.9     8.9     0.     ]
2026-06-05 06:20:44  DEBUG     step   90  config: [0.     0.4275 0.     0.     0.     0.     0.     0.     9.     9.
 9.     9.     0.    ]
2026-06-05 06:20:44  DEBUG     step   91  config: [0.      0.43225 0.      0.      0.      0.      0.      0.      9.1
 9.1     9.1     9.1     0.     ]
2026-06-05 06:20:44  DEBUG     step   92  config: [0.    0.437 0.    0.    0.    0.    0.    0.    9.2   9.2   9.2   9.2
 0.   ]
2026-06-05 06:20:44  DEBUG     step   93  config: [0.      0.44175 0.      0.      0.      0.      0.      0.      9.3
 9.3     9.3     9.3     0.     ]
2026-06-05 06:20:44  DEBUG     step   94  config: [0.     0.4465 0.     0.     0.     0.     0.     0.     9.4    9.4
 9.4    9.4    0.    ]
2026-06-05 06:20:44  DEBUG     step   95  config: [0.      0.45125 0.      0.      0.      0.      0.      0.      9.5
 9.5     9.5     9.5     0.     ]
2026-06-05 06:20:44  DEBUG     step   96  config: [0.    0.456 0.    0.    0.    0.    0.    0.    9.6   9.6   9.6   9.6
 0.   ]
2026-06-05 06:20:44  DEBUG     step   97  config: [0.      0.46075 0.      0.      0.      0.      0.      0.      9.7
 9.7     9.7     9.7     0.     ]
2026-06-05 06:20:44  DEBUG     step   98  config: [0.     0.4655 0.     0.     0.     0.     0.     0.     9.8    9.8
 9.8    9.8    0.    ]
2026-06-05 06:20:44  DEBUG     step   99  config: [0.      0.47025 0.      0.      0.      0.      0.      0.      9.9
 9.9     9.9     9.9     0.     ]
2026-06-05 06:20:44  DEBUG     step  100  config: [ 0.     0.475  0.     0.     0.     0.     0.     0.    10.    10.
 10.    10.     0.   ]
2026-06-05 06:20:44  INFO      simulate  done.  Final config: [ 0.     0.475  0.     0.     0.     0.     0.     0.    10.    10.
 10.    10.     0.   ]
2026-06-05 06:20:44  INFO      CSV written  → milestone_1_test_output.csv  (101 rows)
2026-06-05 06:20:44  INFO      Final state: phi= 0.00000  x= 0.47500  y= 0.00000  J1= 0.00000  J2= 0.00000  J3= 0.00000  J4= 0.00000  J5= 0.00000  W1= 10.00000  W2= 10.00000  W3= 10.00000  W4= 10.00000  grip= 0.00000
